<?xml version="1.0" encoding="UTF-8"?>
<robot generator="Robot 4.0 (Python 3.9.2 on win32)" generated="20210409 14:13:36.073" rpa="false" schemaversion="2">
<suite id="s1" name="TS10 practice form" source="C:\Users\maksy\PycharmProjects\TestProject_1\TestCases\TS10_practice_form.robot">
<test id="s1-t1" name="Check practice form works with valid data">
<kw name="Start browser and maximaze" library="keywords" type="SETUP">
<arg>https://demoqa.com/automation-practice-form</arg>
<kw name="Open Browser" library="SeleniumLibrary">
<arg>${url}</arg>
<arg>chrome</arg>
<doc>Opens a new browser instance to the optional ``url``.</doc>
<msg timestamp="20210409 14:13:36.442" level="INFO">Opening browser 'chrome' to base url 'https://demoqa.com/automation-practice-form'.</msg>
<status status="PASS" starttime="20210409 14:13:36.441" endtime="20210409 14:13:39.606"/>
</kw>
<kw name="Maximize Browser Window" library="SeleniumLibrary">
<doc>Maximizes current browser window.</doc>
<status status="PASS" starttime="20210409 14:13:39.606" endtime="20210409 14:13:39.737"/>
</kw>
<kw name="Title Should Be" library="SeleniumLibrary">
<arg>ToolsQA</arg>
<doc>Verifies that the current page title equals ``title``.</doc>
<msg timestamp="20210409 14:13:39.754" level="INFO">Page title is 'ToolsQA'.</msg>
<status status="PASS" starttime="20210409 14:13:39.738" endtime="20210409 14:13:39.754"/>
</kw>
<status status="PASS" starttime="20210409 14:13:36.440" endtime="20210409 14:13:39.755"/>
</kw>
<kw name="Input Text" library="SeleniumLibrary">
<arg>id:firstName</arg>
<arg>${id:firstName}</arg>
<doc>Types the given ``text`` into the text field identified by ``locator``.</doc>
<msg timestamp="20210409 14:13:39.759" level="INFO">Typing text 'Mariana' into text field 'id:firstName'.</msg>
<status status="PASS" starttime="20210409 14:13:39.756" endtime="20210409 14:13:39.938"/>
</kw>
<kw name="Input Text" library="SeleniumLibrary">
<arg>id:lastName</arg>
<arg>${id:lastName}</arg>
<doc>Types the given ``text`` into the text field identified by ``locator``.</doc>
<msg timestamp="20210409 14:13:39.938" level="INFO">Typing text 'Zenzen' into text field 'id:lastName'.</msg>
<status status="PASS" starttime="20210409 14:13:39.938" endtime="20210409 14:13:40.024"/>
</kw>
<kw name="Input Text" library="SeleniumLibrary">
<arg>id:userEmail</arg>
<arg>${id:userEmail}</arg>
<doc>Types the given ``text`` into the text field identified by ``locator``.</doc>
<msg timestamp="20210409 14:13:40.026" level="INFO">Typing text 'neuzelivsamom@gmail.com' into text field 'id:userEmail'.</msg>
<status status="PASS" starttime="20210409 14:13:40.025" endtime="20210409 14:13:40.137"/>
</kw>
<kw name="Click Element" library="SeleniumLibrary">
<arg>//label[text()='Male']</arg>
<doc>Click the element identified by ``locator``.</doc>
<msg timestamp="20210409 14:13:40.138" level="INFO">Clicking element '//label[text()='Male']'.</msg>
<status status="PASS" starttime="20210409 14:13:40.137" endtime="20210409 14:13:40.194"/>
</kw>
<kw name="Input Text" library="SeleniumLibrary">
<arg>id:userNumber</arg>
<arg>${valid_phone_number}</arg>
<doc>Types the given ``text`` into the text field identified by ``locator``.</doc>
<msg timestamp="20210409 14:13:40.195" level="INFO">Typing text '0964654654' into text field 'id:userNumber'.</msg>
<status status="PASS" starttime="20210409 14:13:40.195" endtime="20210409 14:13:40.291"/>
</kw>
<kw name="Click Element" library="SeleniumLibrary">
<arg>id:dateOfBirthInput</arg>
<doc>Click the element identified by ``locator``.</doc>
<msg timestamp="20210409 14:13:40.291" level="INFO">Clicking element 'id:dateOfBirthInput'.</msg>
<status status="PASS" starttime="20210409 14:13:40.291" endtime="20210409 14:13:40.450"/>
</kw>
<kw name="Select month" library="keywords">
<arg>July</arg>
<kw name="Select From List By Label" library="SeleniumLibrary">
<arg>class:react-datepicker__month-select</arg>
<arg>${month}</arg>
<doc>Selects options from selection list ``locator`` by ``labels``.</doc>
<msg timestamp="20210409 14:13:40.452" level="INFO">Selecting options from selection list 'class:react-datepicker__month-select' by label July.</msg>
<status status="PASS" starttime="20210409 14:13:40.452" endtime="20210409 14:13:40.555"/>
</kw>
<status status="PASS" starttime="20210409 14:13:40.451" endtime="20210409 14:13:40.555"/>
</kw>
<kw name="Select year" library="keywords">
<arg>1993</arg>
<kw name="Select From List By Label" library="SeleniumLibrary">
<arg>class:react-datepicker__year-select</arg>
<arg>${year}</arg>
<doc>Selects options from selection list ``locator`` by ``labels``.</doc>
<msg timestamp="20210409 14:13:40.556" level="INFO">Selecting options from selection list 'class:react-datepicker__year-select' by label 1993.</msg>
<status status="PASS" starttime="20210409 14:13:40.556" endtime="20210409 14:13:40.635"/>
</kw>
<status status="PASS" starttime="20210409 14:13:40.555" endtime="20210409 14:13:40.635"/>
</kw>
<kw name="Select day" library="keywords">
<arg>21st</arg>
<arg>July</arg>
<arg>1993</arg>
<kw name="Click Element" library="SeleniumLibrary">
<arg>xpath://div[@aria-label="Choose Wednesday, ${month} ${day}, ${year}"]</arg>
<doc>Click the element identified by ``locator``.</doc>
<msg timestamp="20210409 14:13:40.636" level="INFO">Clicking element 'xpath://div[@aria-label="Choose Wednesday, July 21st, 1993"]'.</msg>
<status status="PASS" starttime="20210409 14:13:40.636" endtime="20210409 14:13:40.699"/>
</kw>
<status status="PASS" starttime="20210409 14:13:40.635" endtime="20210409 14:13:40.699"/>
</kw>
<kw name="Get Element Attribute" library="SeleniumLibrary">
<var>${value}</var>
<arg>id:dateOfBirthInput</arg>
<arg>value</arg>
<doc>Returns the value of ``attribute`` from the element ``locator``.</doc>
<msg timestamp="20210409 14:13:40.713" level="INFO">${value} = 21 Jul 1993</msg>
<status status="PASS" starttime="20210409 14:13:40.700" endtime="20210409 14:13:40.713"/>
</kw>
<kw name="Should Be Equal As Strings" library="BuiltIn">
<arg>${value}</arg>
<arg>21 Jul 1993</arg>
<doc>Fails if objects are unequal after converting them to strings.</doc>
<status status="PASS" starttime="20210409 14:13:40.713" endtime="20210409 14:13:40.714"/>
</kw>
<kw name="Press Keys" library="SeleniumLibrary">
<arg>id:dateOfBirthInput</arg>
<arg>ENTER</arg>
<doc>Simulates the user pressing key(s) to an element or on the active browser.</doc>
<msg timestamp="20210409 14:13:40.715" level="INFO">Sending key(s) ('ENTER',) to id:dateOfBirthInput element.</msg>
<msg timestamp="20210409 14:13:41.089" level="INFO">Pressing special key ENTER to element.</msg>
<msg timestamp="20210409 14:13:41.089" level="INFO">Releasing special key ENTER.</msg>
<status status="PASS" starttime="20210409 14:13:40.715" endtime="20210409 14:13:41.102"/>
</kw>
<kw name="Input Text" library="SeleniumLibrary">
<arg>id:subjectsInput</arg>
<arg>Physics</arg>
<doc>Types the given ``text`` into the text field identified by ``locator``.</doc>
<msg timestamp="20210409 14:13:41.103" level="INFO">Typing text 'Physics' into text field 'id:subjectsInput'.</msg>
<status status="PASS" starttime="20210409 14:13:41.102" endtime="20210409 14:13:41.229"/>
</kw>
<kw name="Press Keys" library="SeleniumLibrary">
<arg>id:subjectsInput</arg>
<arg>ENTER</arg>
<doc>Simulates the user pressing key(s) to an element or on the active browser.</doc>
<msg timestamp="20210409 14:13:41.231" level="INFO">Sending key(s) ('ENTER',) to id:subjectsInput element.</msg>
<msg timestamp="20210409 14:13:41.638" level="INFO">Pressing special key ENTER to element.</msg>
<msg timestamp="20210409 14:13:41.638" level="INFO">Releasing special key ENTER.</msg>
<status status="PASS" starttime="20210409 14:13:41.230" endtime="20210409 14:13:41.656"/>
</kw>
<kw name="Click Element" library="SeleniumLibrary">
<arg>xpath://label[@for="hobbies-checkbox-1"]</arg>
<doc>Click the element identified by ``locator``.</doc>
<msg timestamp="20210409 14:13:41.660" level="INFO">Clicking element 'xpath://label[@for="hobbies-checkbox-1"]'.</msg>
<status status="PASS" starttime="20210409 14:13:41.660" endtime="20210409 14:13:41.724"/>
</kw>
<kw name="Click Element" library="SeleniumLibrary">
<arg>xpath://label[@for="hobbies-checkbox-2"]</arg>
<doc>Click the element identified by ``locator``.</doc>
<msg timestamp="20210409 14:13:41.725" level="INFO">Clicking element 'xpath://label[@for="hobbies-checkbox-2"]'.</msg>
<status status="PASS" starttime="20210409 14:13:41.724" endtime="20210409 14:13:41.777"/>
</kw>
<kw name="Click Element" library="SeleniumLibrary">
<arg>xpath://label[@for="hobbies-checkbox-3"]</arg>
<doc>Click the element identified by ``locator``.</doc>
<msg timestamp="20210409 14:13:41.778" level="INFO">Clicking element 'xpath://label[@for="hobbies-checkbox-3"]'.</msg>
<status status="PASS" starttime="20210409 14:13:41.777" endtime="20210409 14:13:41.830"/>
</kw>
<kw name="Wait Until Page Contains Element" library="SeleniumLibrary">
<arg>${UploadFiletest}</arg>
<arg>60s</arg>
<doc>Waits until the element ``locator`` appears on the current page.</doc>
<status status="PASS" starttime="20210409 14:13:41.831" endtime="20210409 14:13:41.843"/>
</kw>
<kw name="Choose File" library="SeleniumLibrary">
<arg>${UploadFiletest}</arg>
<arg>${AddFile}</arg>
<doc>Inputs the ``file_path`` into the file input field ``locator``.</doc>
<msg timestamp="20210409 14:13:41.844" level="INFO">Sending D:\download.jpg to browser.</msg>
<status status="PASS" starttime="20210409 14:13:41.843" endtime="20210409 14:13:41.882"/>
</kw>
<kw name="Input Text" library="SeleniumLibrary">
<arg>id:currentAddress</arg>
<arg>${valid_cur_address}</arg>
<doc>Types the given ``text`` into the text field identified by ``locator``.</doc>
<msg timestamp="20210409 14:13:41.883" level="INFO">Typing text 'In the middle of nowhere' into text field 'id:currentAddress'.</msg>
<status status="PASS" starttime="20210409 14:13:41.882" endtime="20210409 14:13:41.985"/>
</kw>
<kw name="Input Text" library="SeleniumLibrary">
<arg>id:react-select-3-input</arg>
<arg>NCR</arg>
<doc>Types the given ``text`` into the text field identified by ``locator``.</doc>
<msg timestamp="20210409 14:13:41.986" level="INFO">Typing text 'NCR' into text field 'id:react-select-3-input'.</msg>
<status status="PASS" starttime="20210409 14:13:41.986" endtime="20210409 14:13:42.094"/>
</kw>
<kw name="Press Keys" library="SeleniumLibrary">
<arg>id:react-select-3-input</arg>
<arg>ENTER</arg>
<doc>Simulates the user pressing key(s) to an element or on the active browser.</doc>
<msg timestamp="20210409 14:13:42.095" level="INFO">Sending key(s) ('ENTER',) to id:react-select-3-input element.</msg>
<msg timestamp="20210409 14:13:42.375" level="INFO">Pressing special key ENTER to element.</msg>
<msg timestamp="20210409 14:13:42.375" level="INFO">Releasing special key ENTER.</msg>
<status status="PASS" starttime="20210409 14:13:42.094" endtime="20210409 14:13:42.388"/>
</kw>
<kw name="Input Text" library="SeleniumLibrary">
<arg>id:react-select-4-input</arg>
<arg>Delhi</arg>
<doc>Types the given ``text`` into the text field identified by ``locator``.</doc>
<msg timestamp="20210409 14:13:42.389" level="INFO">Typing text 'Delhi' into text field 'id:react-select-4-input'.</msg>
<status status="PASS" starttime="20210409 14:13:42.388" endtime="20210409 14:13:42.520"/>
</kw>
<kw name="Press Keys" library="SeleniumLibrary">
<arg>id:react-select-4-input</arg>
<arg>ENTER</arg>
<doc>Simulates the user pressing key(s) to an element or on the active browser.</doc>
<msg timestamp="20210409 14:13:42.521" level="INFO">Sending key(s) ('ENTER',) to id:react-select-4-input element.</msg>
<msg timestamp="20210409 14:13:42.801" level="INFO">Pressing special key ENTER to element.</msg>
<msg timestamp="20210409 14:13:42.801" level="INFO">Releasing special key ENTER.</msg>
<status status="PASS" starttime="20210409 14:13:42.521" endtime="20210409 14:13:42.818"/>
</kw>
<kw name="Click Element" library="SeleniumLibrary">
<arg>id:submit</arg>
<doc>Click the element identified by ``locator``.</doc>
<msg timestamp="20210409 14:13:42.819" level="INFO">Clicking element 'id:submit'.</msg>
<status status="PASS" starttime="20210409 14:13:42.819" endtime="20210409 14:13:42.893"/>
</kw>
<kw name="Element Should Contain" library="SeleniumLibrary">
<arg>xpath:((//tbody/tr)[1]/td)[2]</arg>
<arg>${id:firstName}</arg>
<arg>${id:lastName}</arg>
<doc>Verifies that element ``locator`` contains text ``expected``.</doc>
<msg timestamp="20210409 14:13:42.930" level="INFO">Element 'xpath:((//tbody/tr)[1]/td)[2]' contains text 'Mariana'.</msg>
<status status="PASS" starttime="20210409 14:13:42.893" endtime="20210409 14:13:42.930"/>
</kw>
<kw name="Element Should Contain" library="SeleniumLibrary">
<arg>xpath:((//tbody/tr)[2]/td)[2]</arg>
<arg>${id:userEmail}</arg>
<doc>Verifies that element ``locator`` contains text ``expected``.</doc>
<msg timestamp="20210409 14:13:42.963" level="INFO">Element 'xpath:((//tbody/tr)[2]/td)[2]' contains text 'neuzelivsamom@gmail.com'.</msg>
<status status="PASS" starttime="20210409 14:13:42.930" endtime="20210409 14:13:42.964"/>
</kw>
<kw name="Element Should Contain" library="SeleniumLibrary">
<arg>xpath:((//tbody/tr)[3]/td)[2]</arg>
<arg>Male</arg>
<doc>Verifies that element ``locator`` contains text ``expected``.</doc>
<msg timestamp="20210409 14:13:42.988" level="INFO">Element 'xpath:((//tbody/tr)[3]/td)[2]' contains text 'Male'.</msg>
<status status="PASS" starttime="20210409 14:13:42.964" endtime="20210409 14:13:42.988"/>
</kw>
<kw name="Element Should Contain" library="SeleniumLibrary">
<arg>xpath:((//tbody/tr)[4]/td)[2]</arg>
<arg>${valid_phone_number}</arg>
<doc>Verifies that element ``locator`` contains text ``expected``.</doc>
<msg timestamp="20210409 14:13:43.017" level="INFO">Element 'xpath:((//tbody/tr)[4]/td)[2]' contains text '0964654654'.</msg>
<status status="PASS" starttime="20210409 14:13:42.988" endtime="20210409 14:13:43.017"/>
</kw>
<kw name="Element Should Contain" library="SeleniumLibrary">
<arg>xpath:((//tbody/tr)[5]/td)[2]</arg>
<arg>21</arg>
<arg>July</arg>
<arg>1993</arg>
<doc>Verifies that element ``locator`` contains text ``expected``.</doc>
<msg timestamp="20210409 14:13:43.046" level="INFO">Element 'xpath:((//tbody/tr)[5]/td)[2]' contains text '21'.</msg>
<status status="PASS" starttime="20210409 14:13:43.017" endtime="20210409 14:13:43.046"/>
</kw>
<kw name="Element Should Contain" library="SeleniumLibrary">
<arg>xpath:((//tbody/tr)[6]/td)[2]</arg>
<arg>Physics</arg>
<doc>Verifies that element ``locator`` contains text ``expected``.</doc>
<msg timestamp="20210409 14:13:43.071" level="INFO">Element 'xpath:((//tbody/tr)[6]/td)[2]' contains text 'Physics'.</msg>
<status status="PASS" starttime="20210409 14:13:43.046" endtime="20210409 14:13:43.072"/>
</kw>
<kw name="Element Should Contain" library="SeleniumLibrary">
<arg>xpath:((//tbody/tr)[7]/td)[2]</arg>
<arg>Sports</arg>
<arg>Reading</arg>
<arg>Music</arg>
<doc>Verifies that element ``locator`` contains text ``expected``.</doc>
<msg timestamp="20210409 14:13:43.096" level="INFO">Element 'xpath:((//tbody/tr)[7]/td)[2]' contains text 'Sports'.</msg>
<status status="PASS" starttime="20210409 14:13:43.072" endtime="20210409 14:13:43.096"/>
</kw>
<kw name="Element Should Contain" library="SeleniumLibrary">
<arg>xpath:((//tbody/tr)[8]/td)[2]</arg>
<arg>${filename}</arg>
<doc>Verifies that element ``locator`` contains text ``expected``.</doc>
<msg timestamp="20210409 14:13:43.120" level="INFO">Element 'xpath:((//tbody/tr)[8]/td)[2]' contains text 'download.jpg'.</msg>
<status status="PASS" starttime="20210409 14:13:43.097" endtime="20210409 14:13:43.120"/>
</kw>
<kw name="Element Should Contain" library="SeleniumLibrary">
<arg>xpath:((//tbody/tr)[9]/td)[2]</arg>
<arg>${valid_cur_address}</arg>
<doc>Verifies that element ``locator`` contains text ``expected``.</doc>
<msg timestamp="20210409 14:13:43.144" level="INFO">Element 'xpath:((//tbody/tr)[9]/td)[2]' contains text 'In the middle of nowhere'.</msg>
<status status="PASS" starttime="20210409 14:13:43.120" endtime="20210409 14:13:43.144"/>
</kw>
<kw name="Element Should Contain" library="SeleniumLibrary">
<arg>xpath:((//tbody/tr)[10]/td)[2]</arg>
<arg>NCR</arg>
<arg>Delhi</arg>
<doc>Verifies that element ``locator`` contains text ``expected``.</doc>
<msg timestamp="20210409 14:13:43.166" level="INFO">Element 'xpath:((//tbody/tr)[10]/td)[2]' contains text 'NCR'.</msg>
<status status="PASS" starttime="20210409 14:13:43.144" endtime="20210409 14:13:43.166"/>
</kw>
<kw name="Close Browser" library="SeleniumLibrary" type="TEARDOWN">
<doc>Closes the current browser.</doc>
<status status="PASS" starttime="20210409 14:13:43.166" endtime="20210409 14:13:45.350"/>
</kw>
<status status="PASS" starttime="20210409 14:13:36.439" endtime="20210409 14:13:45.352"/>
</test>
<test id="s1-t2" name="Check whether user is not able to submit form with empty firstname field">
<kw name="Start browser and maximaze" library="keywords" type="SETUP">
<arg>https://demoqa.com/automation-practice-form</arg>
<kw name="Open Browser" library="SeleniumLibrary">
<arg>${url}</arg>
<arg>chrome</arg>
<doc>Opens a new browser instance to the optional ``url``.</doc>
<msg timestamp="20210409 14:13:45.362" level="INFO">Opening browser 'chrome' to base url 'https://demoqa.com/automation-practice-form'.</msg>
<status status="PASS" starttime="20210409 14:13:45.361" endtime="20210409 14:13:50.429"/>
</kw>
<kw name="Maximize Browser Window" library="SeleniumLibrary">
<doc>Maximizes current browser window.</doc>
<status status="PASS" starttime="20210409 14:13:50.429" endtime="20210409 14:13:50.551"/>
</kw>
<kw name="Title Should Be" library="SeleniumLibrary">
<arg>ToolsQA</arg>
<doc>Verifies that the current page title equals ``title``.</doc>
<msg timestamp="20210409 14:13:50.568" level="INFO">Page title is 'ToolsQA'.</msg>
<status status="PASS" starttime="20210409 14:13:50.551" endtime="20210409 14:13:50.568"/>
</kw>
<status status="PASS" starttime="20210409 14:13:45.360" endtime="20210409 14:13:50.569"/>
</kw>
<kw name="Input Text" library="SeleniumLibrary">
<arg>id:firstName</arg>
<arg>${EMPTY}</arg>
<doc>Types the given ``text`` into the text field identified by ``locator``.</doc>
<msg timestamp="20210409 14:13:50.575" level="INFO">Typing text '' into text field 'id:firstName'.</msg>
<status status="PASS" starttime="20210409 14:13:50.570" endtime="20210409 14:13:50.695"/>
</kw>
<kw name="Input Text" library="SeleniumLibrary">
<arg>id:lastName</arg>
<arg>${id:lastName}</arg>
<doc>Types the given ``text`` into the text field identified by ``locator``.</doc>
<msg timestamp="20210409 14:13:50.698" level="INFO">Typing text 'Zenzen' into text field 'id:lastName'.</msg>
<status status="PASS" starttime="20210409 14:13:50.698" endtime="20210409 14:13:50.788"/>
</kw>
<kw name="Input Text" library="SeleniumLibrary">
<arg>id:userEmail</arg>
<arg>${id:userEmail}</arg>
<doc>Types the given ``text`` into the text field identified by ``locator``.</doc>
<msg timestamp="20210409 14:13:50.789" level="INFO">Typing text 'neuzelivsamom@gmail.com' into text field 'id:userEmail'.</msg>
<status status="PASS" starttime="20210409 14:13:50.788" endtime="20210409 14:13:50.904"/>
</kw>
<kw name="Click Element" library="SeleniumLibrary">
<arg>//label[text()='Male']</arg>
<doc>Click the element identified by ``locator``.</doc>
<msg timestamp="20210409 14:13:50.905" level="INFO">Clicking element '//label[text()='Male']'.</msg>
<status status="PASS" starttime="20210409 14:13:50.904" endtime="20210409 14:13:50.960"/>
</kw>
<kw name="Input Text" library="SeleniumLibrary">
<arg>id:userNumber</arg>
<arg>${valid_phone_number}</arg>
<doc>Types the given ``text`` into the text field identified by ``locator``.</doc>
<msg timestamp="20210409 14:13:50.961" level="INFO">Typing text '0964654654' into text field 'id:userNumber'.</msg>
<status status="PASS" starttime="20210409 14:13:50.961" endtime="20210409 14:13:51.062"/>
</kw>
<kw name="Click Element" library="SeleniumLibrary">
<arg>id:submit</arg>
<doc>Click the element identified by ``locator``.</doc>
<msg timestamp="20210409 14:13:51.062" level="INFO">Clicking element 'id:submit'.</msg>
<status status="PASS" starttime="20210409 14:13:51.062" endtime="20210409 14:13:51.121"/>
</kw>
<kw name="Element Should Not Be Visible" library="SeleniumLibrary">
<arg>//div[@class='modal-content']</arg>
<doc>Verifies that the element identified by ``locator`` is NOT visible.</doc>
<msg timestamp="20210409 14:13:51.134" level="INFO">Element '//div[@class='modal-content']' did not exist.</msg>
<status status="PASS" starttime="20210409 14:13:51.121" endtime="20210409 14:13:51.134"/>
</kw>
<kw name="Wait Until Page Contains Element" library="SeleniumLibrary">
<arg>//form[@class='was-validated']</arg>
<doc>Waits until the element ``locator`` appears on the current page.</doc>
<status status="PASS" starttime="20210409 14:13:51.134" endtime="20210409 14:13:51.146"/>
</kw>
<kw name="Sleep" library="BuiltIn">
<arg>1s</arg>
<doc>Pauses the test executed for the given time.</doc>
<msg timestamp="20210409 14:13:52.149" level="INFO">Slept 1 second</msg>
<status status="PASS" starttime="20210409 14:13:51.147" endtime="20210409 14:13:52.149"/>
</kw>
<kw name="Get CSS Property Value" library="keywords">
<var>${first_name_color}</var>
<arg>id:firstName</arg>
<arg>border-color</arg>
<doc>Get the CSS property value of an Element.</doc>
<kw name="Get WebElement" library="SeleniumLibrary">
<var>${css}</var>
<arg>${locator}</arg>
<doc>Returns the first WebElement matching the given ``locator``.</doc>
<msg timestamp="20210409 14:13:52.158" level="INFO">${css} = &lt;selenium.webdriver.remote.webelement.WebElement (session="ba905c55994a78937764a37ce4ee3bc9", element="644af8e8-724c-40b3-831a-e753c7213daf")&gt;</msg>
<status status="PASS" starttime="20210409 14:13:52.150" endtime="20210409 14:13:52.158"/>
</kw>
<kw name="Call Method" library="BuiltIn">
<var>${prop_val}</var>
<arg>${css}</arg>
<arg>value_of_css_property</arg>
<arg>${attribute name}</arg>
<doc>Calls the named method of the given object with the provided arguments.</doc>
<msg timestamp="20210409 14:13:52.169" level="INFO">${prop_val} = rgb(220, 53, 69)</msg>
<status status="PASS" starttime="20210409 14:13:52.159" endtime="20210409 14:13:52.170"/>
</kw>
<msg timestamp="20210409 14:13:52.170" level="INFO">${first_name_color} = rgb(220, 53, 69)</msg>
<status status="PASS" starttime="20210409 14:13:52.149" endtime="20210409 14:13:52.170"/>
</kw>
<kw name="Should Be Equal As Strings" library="BuiltIn">
<arg>${first_name_color}</arg>
<arg>${rgb_red}</arg>
<doc>Fails if objects are unequal after converting them to strings.</doc>
<status status="PASS" starttime="20210409 14:13:52.170" endtime="20210409 14:13:52.170"/>
</kw>
<kw name="Close Browser" library="SeleniumLibrary" type="TEARDOWN">
<doc>Closes the current browser.</doc>
<status status="PASS" starttime="20210409 14:13:52.171" endtime="20210409 14:13:54.349"/>
</kw>
<status status="PASS" starttime="20210409 14:13:45.358" endtime="20210409 14:13:54.351"/>
</test>
<test id="s1-t3" name="Check whether user is not able to submit form with a Space in firstname field">
<kw name="Start browser and maximaze" library="keywords" type="SETUP">
<arg>https://demoqa.com/automation-practice-form</arg>
<kw name="Open Browser" library="SeleniumLibrary">
<arg>${url}</arg>
<arg>chrome</arg>
<doc>Opens a new browser instance to the optional ``url``.</doc>
<msg timestamp="20210409 14:13:54.358" level="INFO">Opening browser 'chrome' to base url 'https://demoqa.com/automation-practice-form'.</msg>
<status status="PASS" starttime="20210409 14:13:54.357" endtime="20210409 14:13:57.419"/>
</kw>
<kw name="Maximize Browser Window" library="SeleniumLibrary">
<doc>Maximizes current browser window.</doc>
<status status="PASS" starttime="20210409 14:13:57.419" endtime="20210409 14:13:57.566"/>
</kw>
<kw name="Title Should Be" library="SeleniumLibrary">
<arg>ToolsQA</arg>
<doc>Verifies that the current page title equals ``title``.</doc>
<msg timestamp="20210409 14:13:57.569" level="INFO">Page title is 'ToolsQA'.</msg>
<status status="PASS" starttime="20210409 14:13:57.566" endtime="20210409 14:13:57.570"/>
</kw>
<status status="PASS" starttime="20210409 14:13:54.357" endtime="20210409 14:13:57.570"/>
</kw>
<kw name="Input Text" library="SeleniumLibrary">
<arg>id:firstName</arg>
<arg>${SPACE}</arg>
<doc>Types the given ``text`` into the text field identified by ``locator``.</doc>
<msg timestamp="20210409 14:13:57.571" level="INFO">Typing text ' ' into text field 'id:firstName'.</msg>
<status status="PASS" starttime="20210409 14:13:57.570" endtime="20210409 14:13:57.661"/>
</kw>
<kw name="Input Text" library="SeleniumLibrary">
<arg>id:lastName</arg>
<arg>${id:lastName}</arg>
<doc>Types the given ``text`` into the text field identified by ``locator``.</doc>
<msg timestamp="20210409 14:13:57.662" level="INFO">Typing text 'Zenzen' into text field 'id:lastName'.</msg>
<status status="PASS" starttime="20210409 14:13:57.662" endtime="20210409 14:13:57.759"/>
</kw>
<kw name="Input Text" library="SeleniumLibrary">
<arg>id:userEmail</arg>
<arg>${id:userEmail}</arg>
<doc>Types the given ``text`` into the text field identified by ``locator``.</doc>
<msg timestamp="20210409 14:13:57.760" level="INFO">Typing text 'neuzelivsamom@gmail.com' into text field 'id:userEmail'.</msg>
<status status="PASS" starttime="20210409 14:13:57.760" endtime="20210409 14:13:57.880"/>
</kw>
<kw name="Click Element" library="SeleniumLibrary">
<arg>//label[text()='Male']</arg>
<doc>Click the element identified by ``locator``.</doc>
<msg timestamp="20210409 14:13:57.880" level="INFO">Clicking element '//label[text()='Male']'.</msg>
<status status="PASS" starttime="20210409 14:13:57.880" endtime="20210409 14:13:57.950"/>
</kw>
<kw name="Input Text" library="SeleniumLibrary">
<arg>id:userNumber</arg>
<arg>${valid_phone_number}</arg>
<doc>Types the given ``text`` into the text field identified by ``locator``.</doc>
<msg timestamp="20210409 14:13:57.952" level="INFO">Typing text '0964654654' into text field 'id:userNumber'.</msg>
<status status="PASS" starttime="20210409 14:13:57.952" endtime="20210409 14:13:58.055"/>
</kw>
<kw name="Click Element" library="SeleniumLibrary">
<arg>id:submit</arg>
<doc>Click the element identified by ``locator``.</doc>
<msg timestamp="20210409 14:13:58.056" level="INFO">Clicking element 'id:submit'.</msg>
<status status="PASS" starttime="20210409 14:13:58.056" endtime="20210409 14:13:58.129"/>
</kw>
<kw name="Element Should Not Be Visible" library="SeleniumLibrary">
<arg>//div[@class='modal-content']</arg>
<doc>Verifies that the element identified by ``locator`` is NOT visible.</doc>
<kw name="Capture Page Screenshot" library="SeleniumLibrary">
<doc>Takes a screenshot of the current page and embeds it into a log file.</doc>
<msg timestamp="20210409 14:13:58.585" level="INFO" html="true">&lt;/td&gt;&lt;/tr&gt;&lt;tr&gt;&lt;td colspan="3"&gt;&lt;a href="selenium-screenshot-3.png"&gt;&lt;img src="selenium-screenshot-3.png" width="800px"&gt;&lt;/a&gt;</msg>
<status status="PASS" starttime="20210409 14:13:58.163" endtime="20210409 14:13:58.586"/>
</kw>
<msg timestamp="20210409 14:13:58.587" level="FAIL">The element '//div[@class='modal-content']' should not be visible, but it is.</msg>
<status status="FAIL" starttime="20210409 14:13:58.129" endtime="20210409 14:13:58.587"/>
</kw>
<kw name="Wait Until Page Contains Element" library="SeleniumLibrary">
<arg>//form[@class='was-validated']</arg>
<doc>Waits until the element ``locator`` appears on the current page.</doc>
<status status="NOT RUN" starttime="20210409 14:13:58.588" endtime="20210409 14:13:58.588"/>
</kw>
<kw name="Sleep" library="BuiltIn">
<arg>1s</arg>
<doc>Pauses the test executed for the given time.</doc>
<status status="NOT RUN" starttime="20210409 14:13:58.588" endtime="20210409 14:13:58.588"/>
</kw>
<kw name="Get CSS Property Value" library="keywords">
<var>${first_name_color}</var>
<arg>id:firstName</arg>
<arg>border-color</arg>
<doc>Get the CSS property value of an Element.</doc>
<status status="NOT RUN" starttime="20210409 14:13:58.589" endtime="20210409 14:13:58.589"/>
</kw>
<kw name="Should Be Equal As Strings" library="BuiltIn">
<arg>${first_name_color}</arg>
<arg>${rgb_red}</arg>
<doc>Fails if objects are unequal after converting them to strings.</doc>
<status status="NOT RUN" starttime="20210409 14:13:58.589" endtime="20210409 14:13:58.589"/>
</kw>
<kw name="Close Browser" library="SeleniumLibrary" type="TEARDOWN">
<doc>Closes the current browser.</doc>
<status status="PASS" starttime="20210409 14:13:58.590" endtime="20210409 14:14:01.893"/>
</kw>
<status status="FAIL" starttime="20210409 14:13:54.356" endtime="20210409 14:14:01.895">The element '//div[@class='modal-content']' should not be visible, but it is.</status>
</test>
<test id="s1-t4" name="Check whether user is not able to submit form with empty second name field">
<kw name="Start browser and maximaze" library="keywords" type="SETUP">
<arg>https://demoqa.com/automation-practice-form</arg>
<kw name="Open Browser" library="SeleniumLibrary">
<arg>${url}</arg>
<arg>chrome</arg>
<doc>Opens a new browser instance to the optional ``url``.</doc>
<msg timestamp="20210409 14:14:01.905" level="INFO">Opening browser 'chrome' to base url 'https://demoqa.com/automation-practice-form'.</msg>
<status status="PASS" starttime="20210409 14:14:01.904" endtime="20210409 14:14:04.847"/>
</kw>
<kw name="Maximize Browser Window" library="SeleniumLibrary">
<doc>Maximizes current browser window.</doc>
<status status="PASS" starttime="20210409 14:14:04.847" endtime="20210409 14:14:04.979"/>
</kw>
<kw name="Title Should Be" library="SeleniumLibrary">
<arg>ToolsQA</arg>
<doc>Verifies that the current page title equals ``title``.</doc>
<msg timestamp="20210409 14:14:04.994" level="INFO">Page title is 'ToolsQA'.</msg>
<status status="PASS" starttime="20210409 14:14:04.980" endtime="20210409 14:14:04.994"/>
</kw>
<status status="PASS" starttime="20210409 14:14:01.903" endtime="20210409 14:14:04.994"/>
</kw>
<kw name="Input Text" library="SeleniumLibrary">
<arg>id:firstName</arg>
<arg>${valid_username}</arg>
<doc>Types the given ``text`` into the text field identified by ``locator``.</doc>
<msg timestamp="20210409 14:14:04.996" level="INFO">Typing text 'MAX' into text field 'id:firstName'.</msg>
<status status="PASS" starttime="20210409 14:14:04.995" endtime="20210409 14:14:05.137"/>
</kw>
<kw name="Input Text" library="SeleniumLibrary">
<arg>id:lastName</arg>
<arg>${EMPTY}</arg>
<doc>Types the given ``text`` into the text field identified by ``locator``.</doc>
<msg timestamp="20210409 14:14:05.140" level="INFO">Typing text '' into text field 'id:lastName'.</msg>
<status status="PASS" starttime="20210409 14:14:05.139" endtime="20210409 14:14:05.212"/>
</kw>
<kw name="Input Text" library="SeleniumLibrary">
<arg>id:userEmail</arg>
<arg>${id:userEmail}</arg>
<doc>Types the given ``text`` into the text field identified by ``locator``.</doc>
<msg timestamp="20210409 14:14:05.213" level="INFO">Typing text 'neuzelivsamom@gmail.com' into text field 'id:userEmail'.</msg>
<status status="PASS" starttime="20210409 14:14:05.213" endtime="20210409 14:14:05.330"/>
</kw>
<kw name="Click Element" library="SeleniumLibrary">
<arg>//label[text()='Male']</arg>
<doc>Click the element identified by ``locator``.</doc>
<msg timestamp="20210409 14:14:05.331" level="INFO">Clicking element '//label[text()='Male']'.</msg>
<status status="PASS" starttime="20210409 14:14:05.331" endtime="20210409 14:14:05.385"/>
</kw>
<kw name="Input Text" library="SeleniumLibrary">
<arg>id:userNumber</arg>
<arg>${valid_phone_number}</arg>
<doc>Types the given ``text`` into the text field identified by ``locator``.</doc>
<msg timestamp="20210409 14:14:05.387" level="INFO">Typing text '0964654654' into text field 'id:userNumber'.</msg>
<status status="PASS" starttime="20210409 14:14:05.386" endtime="20210409 14:14:05.492"/>
</kw>
<kw name="Click Element" library="SeleniumLibrary">
<arg>id:submit</arg>
<doc>Click the element identified by ``locator``.</doc>
<msg timestamp="20210409 14:14:05.492" level="INFO">Clicking element 'id:submit'.</msg>
<status status="PASS" starttime="20210409 14:14:05.492" endtime="20210409 14:14:05.558"/>
</kw>
<kw name="Element Should Not Be Visible" library="SeleniumLibrary">
<arg>//div[@class='modal-content']</arg>
<doc>Verifies that the element identified by ``locator`` is NOT visible.</doc>
<msg timestamp="20210409 14:14:05.570" level="INFO">Element '//div[@class='modal-content']' did not exist.</msg>
<status status="PASS" starttime="20210409 14:14:05.559" endtime="20210409 14:14:05.570"/>
</kw>
<kw name="Wait Until Page Contains Element" library="SeleniumLibrary">
<arg>//form[@class='was-validated']</arg>
<doc>Waits until the element ``locator`` appears on the current page.</doc>
<status status="PASS" starttime="20210409 14:14:05.571" endtime="20210409 14:14:05.583"/>
</kw>
<kw name="Sleep" library="BuiltIn">
<arg>1s</arg>
<doc>Pauses the test executed for the given time.</doc>
<msg timestamp="20210409 14:14:06.586" level="INFO">Slept 1 second</msg>
<status status="PASS" starttime="20210409 14:14:05.583" endtime="20210409 14:14:06.587"/>
</kw>
<kw name="Get CSS Property Value" library="keywords">
<var>${last_name_color}</var>
<arg>id:lastName</arg>
<arg>border-color</arg>
<doc>Get the CSS property value of an Element.</doc>
<kw name="Get WebElement" library="SeleniumLibrary">
<var>${css}</var>
<arg>${locator}</arg>
<doc>Returns the first WebElement matching the given ``locator``.</doc>
<msg timestamp="20210409 14:14:06.609" level="INFO">${css} = &lt;selenium.webdriver.remote.webelement.WebElement (session="080615a65befc010f25bee96de1c641f", element="e7d54034-c56b-4d2d-b46d-167371c86d10")&gt;</msg>
<status status="PASS" starttime="20210409 14:14:06.590" endtime="20210409 14:14:06.609"/>
</kw>
<kw name="Call Method" library="BuiltIn">
<var>${prop_val}</var>
<arg>${css}</arg>
<arg>value_of_css_property</arg>
<arg>${attribute name}</arg>
<doc>Calls the named method of the given object with the provided arguments.</doc>
<msg timestamp="20210409 14:14:06.629" level="INFO">${prop_val} = rgb(220, 53, 69)</msg>
<status status="PASS" starttime="20210409 14:14:06.610" endtime="20210409 14:14:06.629"/>
</kw>
<msg timestamp="20210409 14:14:06.629" level="INFO">${last_name_color} = rgb(220, 53, 69)</msg>
<status status="PASS" starttime="20210409 14:14:06.589" endtime="20210409 14:14:06.629"/>
</kw>
<kw name="Should Be Equal As Strings" library="BuiltIn">
<arg>${last_name_color}</arg>
<arg>${rgb_red}</arg>
<doc>Fails if objects are unequal after converting them to strings.</doc>
<status status="PASS" starttime="20210409 14:14:06.630" endtime="20210409 14:14:06.631"/>
</kw>
<kw name="Close Browser" library="SeleniumLibrary" type="TEARDOWN">
<doc>Closes the current browser.</doc>
<status status="PASS" starttime="20210409 14:14:06.631" endtime="20210409 14:14:08.770"/>
</kw>
<status status="PASS" starttime="20210409 14:14:01.902" endtime="20210409 14:14:08.771"/>
</test>
<test id="s1-t5" name="Check whether user is not able to submit form with a Space in second name field">
<kw name="Start browser and maximaze" library="keywords" type="SETUP">
<arg>https://demoqa.com/automation-practice-form</arg>
<kw name="Open Browser" library="SeleniumLibrary">
<arg>${url}</arg>
<arg>chrome</arg>
<doc>Opens a new browser instance to the optional ``url``.</doc>
<msg timestamp="20210409 14:14:08.773" level="INFO">Opening browser 'chrome' to base url 'https://demoqa.com/automation-practice-form'.</msg>
<status status="PASS" starttime="20210409 14:14:08.773" endtime="20210409 14:14:13.809"/>
</kw>
<kw name="Maximize Browser Window" library="SeleniumLibrary">
<doc>Maximizes current browser window.</doc>
<status status="PASS" starttime="20210409 14:14:13.809" endtime="20210409 14:14:13.940"/>
</kw>
<kw name="Title Should Be" library="SeleniumLibrary">
<arg>ToolsQA</arg>
<doc>Verifies that the current page title equals ``title``.</doc>
<msg timestamp="20210409 14:14:13.951" level="INFO">Page title is 'ToolsQA'.</msg>
<status status="PASS" starttime="20210409 14:14:13.940" endtime="20210409 14:14:13.952"/>
</kw>
<status status="PASS" starttime="20210409 14:14:08.773" endtime="20210409 14:14:13.953"/>
</kw>
<kw name="Input Text" library="SeleniumLibrary">
<arg>id:firstName</arg>
<arg>${id:firstName}</arg>
<doc>Types the given ``text`` into the text field identified by ``locator``.</doc>
<msg timestamp="20210409 14:14:13.958" level="INFO">Typing text 'Mariana' into text field 'id:firstName'.</msg>
<status status="PASS" starttime="20210409 14:14:13.957" endtime="20210409 14:14:14.144"/>
</kw>
<kw name="Input Text" library="SeleniumLibrary">
<arg>id:lastName</arg>
<arg>${SPACE}</arg>
<doc>Types the given ``text`` into the text field identified by ``locator``.</doc>
<msg timestamp="20210409 14:14:14.144" level="INFO">Typing text ' ' into text field 'id:lastName'.</msg>
<status status="PASS" starttime="20210409 14:14:14.144" endtime="20210409 14:14:14.223"/>
</kw>
<kw name="Input Text" library="SeleniumLibrary">
<arg>id:userEmail</arg>
<arg>${id:userEmail}</arg>
<doc>Types the given ``text`` into the text field identified by ``locator``.</doc>
<msg timestamp="20210409 14:14:14.224" level="INFO">Typing text 'neuzelivsamom@gmail.com' into text field 'id:userEmail'.</msg>
<status status="PASS" starttime="20210409 14:14:14.224" endtime="20210409 14:14:14.344"/>
</kw>
<kw name="Click Element" library="SeleniumLibrary">
<arg>//label[text()='Male']</arg>
<doc>Click the element identified by ``locator``.</doc>
<msg timestamp="20210409 14:14:14.345" level="INFO">Clicking element '//label[text()='Male']'.</msg>
<status status="PASS" starttime="20210409 14:14:14.344" endtime="20210409 14:14:14.406"/>
</kw>
<kw name="Input Text" library="SeleniumLibrary">
<arg>id:userNumber</arg>
<arg>${valid_phone_number}</arg>
<doc>Types the given ``text`` into the text field identified by ``locator``.</doc>
<msg timestamp="20210409 14:14:14.407" level="INFO">Typing text '0964654654' into text field 'id:userNumber'.</msg>
<status status="PASS" starttime="20210409 14:14:14.406" endtime="20210409 14:14:14.498"/>
</kw>
<kw name="Click Element" library="SeleniumLibrary">
<arg>id:submit</arg>
<doc>Click the element identified by ``locator``.</doc>
<msg timestamp="20210409 14:14:14.499" level="INFO">Clicking element 'id:submit'.</msg>
<status status="PASS" starttime="20210409 14:14:14.499" endtime="20210409 14:14:14.574"/>
</kw>
<kw name="Element Should Not Be Visible" library="SeleniumLibrary">
<arg>//div[@class='modal-content']</arg>
<doc>Verifies that the element identified by ``locator`` is NOT visible.</doc>
<kw name="Capture Page Screenshot" library="SeleniumLibrary">
<doc>Takes a screenshot of the current page and embeds it into a log file.</doc>
<msg timestamp="20210409 14:14:15.050" level="INFO" html="true">&lt;/td&gt;&lt;/tr&gt;&lt;tr&gt;&lt;td colspan="3"&gt;&lt;a href="selenium-screenshot-4.png"&gt;&lt;img src="selenium-screenshot-4.png" width="800px"&gt;&lt;/a&gt;</msg>
<status status="PASS" starttime="20210409 14:14:14.609" endtime="20210409 14:14:15.050"/>
</kw>
<msg timestamp="20210409 14:14:15.051" level="FAIL">The element '//div[@class='modal-content']' should not be visible, but it is.</msg>
<status status="FAIL" starttime="20210409 14:14:14.574" endtime="20210409 14:14:15.051"/>
</kw>
<kw name="Wait Until Page Contains Element" library="SeleniumLibrary">
<arg>//form[@class='was-validated']</arg>
<doc>Waits until the element ``locator`` appears on the current page.</doc>
<status status="NOT RUN" starttime="20210409 14:14:15.051" endtime="20210409 14:14:15.052"/>
</kw>
<kw name="Sleep" library="BuiltIn">
<arg>1s</arg>
<doc>Pauses the test executed for the given time.</doc>
<status status="NOT RUN" starttime="20210409 14:14:15.053" endtime="20210409 14:14:15.053"/>
</kw>
<kw name="Get CSS Property Value" library="keywords">
<var>${last_name_color}</var>
<arg>id:lastName</arg>
<arg>border-color</arg>
<doc>Get the CSS property value of an Element.</doc>
<status status="NOT RUN" starttime="20210409 14:14:15.053" endtime="20210409 14:14:15.053"/>
</kw>
<kw name="Should Be Equal As Strings" library="BuiltIn">
<arg>${last_name_color}</arg>
<arg>${rgb_red}</arg>
<doc>Fails if objects are unequal after converting them to strings.</doc>
<status status="NOT RUN" starttime="20210409 14:14:15.053" endtime="20210409 14:14:15.054"/>
</kw>
<kw name="Close Browser" library="SeleniumLibrary" type="TEARDOWN">
<doc>Closes the current browser.</doc>
<status status="PASS" starttime="20210409 14:14:15.054" endtime="20210409 14:14:18.345"/>
</kw>
<status status="FAIL" starttime="20210409 14:14:08.772" endtime="20210409 14:14:18.345">The element '//div[@class='modal-content']' should not be visible, but it is.</status>
</test>
<test id="s1-t6" name="Check whether user is not able to submit form with unpicked gender options">
<kw name="Start browser and maximaze" library="keywords" type="SETUP">
<arg>https://demoqa.com/automation-practice-form</arg>
<kw name="Open Browser" library="SeleniumLibrary">
<arg>${url}</arg>
<arg>chrome</arg>
<doc>Opens a new browser instance to the optional ``url``.</doc>
<msg timestamp="20210409 14:14:18.352" level="INFO">Opening browser 'chrome' to base url 'https://demoqa.com/automation-practice-form'.</msg>
<status status="PASS" starttime="20210409 14:14:18.351" endtime="20210409 14:14:21.360"/>
</kw>
<kw name="Maximize Browser Window" library="SeleniumLibrary">
<doc>Maximizes current browser window.</doc>
<status status="PASS" starttime="20210409 14:14:21.360" endtime="20210409 14:14:21.485"/>
</kw>
<kw name="Title Should Be" library="SeleniumLibrary">
<arg>ToolsQA</arg>
<doc>Verifies that the current page title equals ``title``.</doc>
<msg timestamp="20210409 14:14:21.493" level="INFO">Page title is 'ToolsQA'.</msg>
<status status="PASS" starttime="20210409 14:14:21.486" endtime="20210409 14:14:21.493"/>
</kw>
<status status="PASS" starttime="20210409 14:14:18.351" endtime="20210409 14:14:21.493"/>
</kw>
<kw name="Input Text" library="SeleniumLibrary">
<arg>id:firstName</arg>
<arg>${id:firstName}</arg>
<doc>Types the given ``text`` into the text field identified by ``locator``.</doc>
<msg timestamp="20210409 14:14:21.494" level="INFO">Typing text 'Mariana' into text field 'id:firstName'.</msg>
<status status="PASS" starttime="20210409 14:14:21.493" endtime="20210409 14:14:21.600"/>
</kw>
<kw name="Input Text" library="SeleniumLibrary">
<arg>id:lastName</arg>
<arg>${id:lastName}</arg>
<doc>Types the given ``text`` into the text field identified by ``locator``.</doc>
<msg timestamp="20210409 14:14:21.602" level="INFO">Typing text 'Zenzen' into text field 'id:lastName'.</msg>
<status status="PASS" starttime="20210409 14:14:21.601" endtime="20210409 14:14:21.696"/>
</kw>
<kw name="Input Text" library="SeleniumLibrary">
<arg>id:userEmail</arg>
<arg>${id:userEmail}</arg>
<doc>Types the given ``text`` into the text field identified by ``locator``.</doc>
<msg timestamp="20210409 14:14:21.696" level="INFO">Typing text 'neuzelivsamom@gmail.com' into text field 'id:userEmail'.</msg>
<status status="PASS" starttime="20210409 14:14:21.696" endtime="20210409 14:14:21.850"/>
</kw>
<kw name="Input Text" library="SeleniumLibrary">
<arg>id:userNumber</arg>
<arg>${valid_phone_number}</arg>
<doc>Types the given ``text`` into the text field identified by ``locator``.</doc>
<msg timestamp="20210409 14:14:21.851" level="INFO">Typing text '0964654654' into text field 'id:userNumber'.</msg>
<status status="PASS" starttime="20210409 14:14:21.850" endtime="20210409 14:14:22.007"/>
</kw>
<kw name="Click Element" library="SeleniumLibrary">
<arg>id:submit</arg>
<doc>Click the element identified by ``locator``.</doc>
<msg timestamp="20210409 14:14:22.007" level="INFO">Clicking element 'id:submit'.</msg>
<status status="PASS" starttime="20210409 14:14:22.007" endtime="20210409 14:14:22.101"/>
</kw>
<kw name="Element Should Not Be Visible" library="SeleniumLibrary">
<arg>//div[@class='modal-content']</arg>
<doc>Verifies that the element identified by ``locator`` is NOT visible.</doc>
<msg timestamp="20210409 14:14:22.128" level="INFO">Element '//div[@class='modal-content']' did not exist.</msg>
<status status="PASS" starttime="20210409 14:14:22.107" endtime="20210409 14:14:22.128"/>
</kw>
<kw name="Wait Until Page Contains Element" library="SeleniumLibrary">
<arg>//form[@class='was-validated']</arg>
<doc>Waits until the element ``locator`` appears on the current page.</doc>
<status status="PASS" starttime="20210409 14:14:22.128" endtime="20210409 14:14:22.145"/>
</kw>
<kw name="Sleep" library="BuiltIn">
<arg>1s</arg>
<doc>Pauses the test executed for the given time.</doc>
<msg timestamp="20210409 14:14:23.155" level="INFO">Slept 1 second</msg>
<status status="PASS" starttime="20210409 14:14:22.146" endtime="20210409 14:14:23.155"/>
</kw>
<kw name="Get CSS Property Value" library="keywords">
<var>${male_color}</var>
<arg>//label[text()='Male']</arg>
<arg>color</arg>
<doc>Get the CSS property value of an Element.</doc>
<kw name="Get WebElement" library="SeleniumLibrary">
<var>${css}</var>
<arg>${locator}</arg>
<doc>Returns the first WebElement matching the given ``locator``.</doc>
<msg timestamp="20210409 14:14:23.168" level="INFO">${css} = &lt;selenium.webdriver.remote.webelement.WebElement (session="f4b3673bdf4a04fbfcf2b7187dcea7fe", element="d202fdca-8914-4023-afe8-03fb68623e83")&gt;</msg>
<status status="PASS" starttime="20210409 14:14:23.156" endtime="20210409 14:14:23.168"/>
</kw>
<kw name="Call Method" library="BuiltIn">
<var>${prop_val}</var>
<arg>${css}</arg>
<arg>value_of_css_property</arg>
<arg>${attribute name}</arg>
<doc>Calls the named method of the given object with the provided arguments.</doc>
<msg timestamp="20210409 14:14:23.180" level="INFO">${prop_val} = rgba(220, 53, 69, 1)</msg>
<status status="PASS" starttime="20210409 14:14:23.168" endtime="20210409 14:14:23.180"/>
</kw>
<msg timestamp="20210409 14:14:23.180" level="INFO">${male_color} = rgba(220, 53, 69, 1)</msg>
<status status="PASS" starttime="20210409 14:14:23.156" endtime="20210409 14:14:23.180"/>
</kw>
<kw name="Should Be Equal As Strings" library="BuiltIn">
<arg>${male_color}</arg>
<arg>${rgba_red}</arg>
<doc>Fails if objects are unequal after converting them to strings.</doc>
<status status="PASS" starttime="20210409 14:14:23.180" endtime="20210409 14:14:23.181"/>
</kw>
<kw name="Get CSS Property Value" library="keywords">
<var>${female_color}</var>
<arg>//label[text()='Female']</arg>
<arg>color</arg>
<doc>Get the CSS property value of an Element.</doc>
<kw name="Get WebElement" library="SeleniumLibrary">
<var>${css}</var>
<arg>${locator}</arg>
<doc>Returns the first WebElement matching the given ``locator``.</doc>
<msg timestamp="20210409 14:14:23.194" level="INFO">${css} = &lt;selenium.webdriver.remote.webelement.WebElement (session="f4b3673bdf4a04fbfcf2b7187dcea7fe", element="cfdc589a-a090-45d3-8c76-a5572f075b35")&gt;</msg>
<status status="PASS" starttime="20210409 14:14:23.182" endtime="20210409 14:14:23.194"/>
</kw>
<kw name="Call Method" library="BuiltIn">
<var>${prop_val}</var>
<arg>${css}</arg>
<arg>value_of_css_property</arg>
<arg>${attribute name}</arg>
<doc>Calls the named method of the given object with the provided arguments.</doc>
<msg timestamp="20210409 14:14:23.206" level="INFO">${prop_val} = rgba(220, 53, 69, 1)</msg>
<status status="PASS" starttime="20210409 14:14:23.194" endtime="20210409 14:14:23.206"/>
</kw>
<msg timestamp="20210409 14:14:23.207" level="INFO">${female_color} = rgba(220, 53, 69, 1)</msg>
<status status="PASS" starttime="20210409 14:14:23.181" endtime="20210409 14:14:23.207"/>
</kw>
<kw name="Should Be Equal As Strings" library="BuiltIn">
<arg>${female_color}</arg>
<arg>${rgba_red}</arg>
<doc>Fails if objects are unequal after converting them to strings.</doc>
<status status="PASS" starttime="20210409 14:14:23.207" endtime="20210409 14:14:23.208"/>
</kw>
<kw name="Get CSS Property Value" library="keywords">
<var>${other_color}</var>
<arg>//label[text()='Other']</arg>
<arg>color</arg>
<doc>Get the CSS property value of an Element.</doc>
<kw name="Get WebElement" library="SeleniumLibrary">
<var>${css}</var>
<arg>${locator}</arg>
<doc>Returns the first WebElement matching the given ``locator``.</doc>
<msg timestamp="20210409 14:14:23.221" level="INFO">${css} = &lt;selenium.webdriver.remote.webelement.WebElement (session="f4b3673bdf4a04fbfcf2b7187dcea7fe", element="6b98a2f6-ad73-4b37-9b2f-7520cf0505e8")&gt;</msg>
<status status="PASS" starttime="20210409 14:14:23.208" endtime="20210409 14:14:23.221"/>
</kw>
<kw name="Call Method" library="BuiltIn">
<var>${prop_val}</var>
<arg>${css}</arg>
<arg>value_of_css_property</arg>
<arg>${attribute name}</arg>
<doc>Calls the named method of the given object with the provided arguments.</doc>
<msg timestamp="20210409 14:14:23.230" level="INFO">${prop_val} = rgba(220, 53, 69, 1)</msg>
<status status="PASS" starttime="20210409 14:14:23.221" endtime="20210409 14:14:23.230"/>
</kw>
<msg timestamp="20210409 14:14:23.230" level="INFO">${other_color} = rgba(220, 53, 69, 1)</msg>
<status status="PASS" starttime="20210409 14:14:23.208" endtime="20210409 14:14:23.230"/>
</kw>
<kw name="Should Be Equal As Strings" library="BuiltIn">
<arg>${other_color}</arg>
<arg>${rgba_red}</arg>
<doc>Fails if objects are unequal after converting them to strings.</doc>
<status status="PASS" starttime="20210409 14:14:23.231" endtime="20210409 14:14:23.231"/>
</kw>
<kw name="Close Browser" library="SeleniumLibrary" type="TEARDOWN">
<doc>Closes the current browser.</doc>
<status status="PASS" starttime="20210409 14:14:23.232" endtime="20210409 14:14:26.268"/>
</kw>
<status status="PASS" starttime="20210409 14:14:18.349" endtime="20210409 14:14:26.270"/>
</test>
<test id="s1-t7" name="Check whether user is not able to submit form with empty phone number field">
<kw name="Start browser and maximaze" library="keywords" type="SETUP">
<arg>https://demoqa.com/automation-practice-form</arg>
<kw name="Open Browser" library="SeleniumLibrary">
<arg>${url}</arg>
<arg>chrome</arg>
<doc>Opens a new browser instance to the optional ``url``.</doc>
<msg timestamp="20210409 14:14:26.273" level="INFO">Opening browser 'chrome' to base url 'https://demoqa.com/automation-practice-form'.</msg>
<status status="PASS" starttime="20210409 14:14:26.273" endtime="20210409 14:14:31.232"/>
</kw>
<kw name="Maximize Browser Window" library="SeleniumLibrary">
<doc>Maximizes current browser window.</doc>
<status status="PASS" starttime="20210409 14:14:31.232" endtime="20210409 14:14:31.355"/>
</kw>
<kw name="Title Should Be" library="SeleniumLibrary">
<arg>ToolsQA</arg>
<doc>Verifies that the current page title equals ``title``.</doc>
<msg timestamp="20210409 14:14:31.359" level="INFO">Page title is 'ToolsQA'.</msg>
<status status="PASS" starttime="20210409 14:14:31.355" endtime="20210409 14:14:31.360"/>
</kw>
<status status="PASS" starttime="20210409 14:14:26.272" endtime="20210409 14:14:31.360"/>
</kw>
<kw name="Input Text" library="SeleniumLibrary">
<arg>id:firstName</arg>
<arg>${id:firstName}</arg>
<doc>Types the given ``text`` into the text field identified by ``locator``.</doc>
<msg timestamp="20210409 14:14:31.361" level="INFO">Typing text 'Mariana' into text field 'id:firstName'.</msg>
<status status="PASS" starttime="20210409 14:14:31.360" endtime="20210409 14:14:31.468"/>
</kw>
<kw name="Input Text" library="SeleniumLibrary">
<arg>id:lastName</arg>
<arg>${id:lastName}</arg>
<doc>Types the given ``text`` into the text field identified by ``locator``.</doc>
<msg timestamp="20210409 14:14:31.470" level="INFO">Typing text 'Zenzen' into text field 'id:lastName'.</msg>
<status status="PASS" starttime="20210409 14:14:31.469" endtime="20210409 14:14:31.562"/>
</kw>
<kw name="Input Text" library="SeleniumLibrary">
<arg>id:userEmail</arg>
<arg>${id:userEmail}</arg>
<doc>Types the given ``text`` into the text field identified by ``locator``.</doc>
<msg timestamp="20210409 14:14:31.563" level="INFO">Typing text 'neuzelivsamom@gmail.com' into text field 'id:userEmail'.</msg>
<status status="PASS" starttime="20210409 14:14:31.563" endtime="20210409 14:14:31.681"/>
</kw>
<kw name="Click Element" library="SeleniumLibrary">
<arg>//label[text()='Male']</arg>
<doc>Click the element identified by ``locator``.</doc>
<msg timestamp="20210409 14:14:31.682" level="INFO">Clicking element '//label[text()='Male']'.</msg>
<status status="PASS" starttime="20210409 14:14:31.682" endtime="20210409 14:14:31.739"/>
</kw>
<kw name="Input Text" library="SeleniumLibrary">
<arg>id:userNumber</arg>
<arg>${EMPTY}</arg>
<doc>Types the given ``text`` into the text field identified by ``locator``.</doc>
<msg timestamp="20210409 14:14:31.740" level="INFO">Typing text '' into text field 'id:userNumber'.</msg>
<status status="PASS" starttime="20210409 14:14:31.739" endtime="20210409 14:14:31.823"/>
</kw>
<kw name="Click Element" library="SeleniumLibrary">
<arg>id:submit</arg>
<doc>Click the element identified by ``locator``.</doc>
<msg timestamp="20210409 14:14:31.824" level="INFO">Clicking element 'id:submit'.</msg>
<status status="PASS" starttime="20210409 14:14:31.824" endtime="20210409 14:14:31.889"/>
</kw>
<kw name="Element Should Not Be Visible" library="SeleniumLibrary">
<arg>//div[@class='modal-content']</arg>
<doc>Verifies that the element identified by ``locator`` is NOT visible.</doc>
<msg timestamp="20210409 14:14:31.904" level="INFO">Element '//div[@class='modal-content']' did not exist.</msg>
<status status="PASS" starttime="20210409 14:14:31.890" endtime="20210409 14:14:31.904"/>
</kw>
<kw name="Wait Until Page Contains Element" library="SeleniumLibrary">
<arg>//form[@class='was-validated']</arg>
<doc>Waits until the element ``locator`` appears on the current page.</doc>
<status status="PASS" starttime="20210409 14:14:31.905" endtime="20210409 14:14:31.915"/>
</kw>
<kw name="Sleep" library="BuiltIn">
<arg>1s</arg>
<doc>Pauses the test executed for the given time.</doc>
<msg timestamp="20210409 14:14:32.932" level="INFO">Slept 1 second</msg>
<status status="PASS" starttime="20210409 14:14:31.916" endtime="20210409 14:14:32.933"/>
</kw>
<kw name="Get CSS Property Value" library="keywords">
<var>${phone_number}</var>
<arg>id:userNumber</arg>
<arg>border-color</arg>
<doc>Get the CSS property value of an Element.</doc>
<kw name="Get WebElement" library="SeleniumLibrary">
<var>${css}</var>
<arg>${locator}</arg>
<doc>Returns the first WebElement matching the given ``locator``.</doc>
<msg timestamp="20210409 14:14:32.941" level="INFO">${css} = &lt;selenium.webdriver.remote.webelement.WebElement (session="0bbecbb450443d300f23f842bfdfb66e", element="45887c25-74d7-42be-af0b-3f4258b58175")&gt;</msg>
<status status="PASS" starttime="20210409 14:14:32.934" endtime="20210409 14:14:32.941"/>
</kw>
<kw name="Call Method" library="BuiltIn">
<var>${prop_val}</var>
<arg>${css}</arg>
<arg>value_of_css_property</arg>
<arg>${attribute name}</arg>
<doc>Calls the named method of the given object with the provided arguments.</doc>
<msg timestamp="20210409 14:14:32.952" level="INFO">${prop_val} = rgb(220, 53, 69)</msg>
<status status="PASS" starttime="20210409 14:14:32.942" endtime="20210409 14:14:32.952"/>
</kw>
<msg timestamp="20210409 14:14:32.952" level="INFO">${phone_number} = rgb(220, 53, 69)</msg>
<status status="PASS" starttime="20210409 14:14:32.934" endtime="20210409 14:14:32.952"/>
</kw>
<kw name="Should Be Equal As Strings" library="BuiltIn">
<arg>${phone_number}</arg>
<arg>${rgb_red}</arg>
<doc>Fails if objects are unequal after converting them to strings.</doc>
<status status="PASS" starttime="20210409 14:14:32.953" endtime="20210409 14:14:32.953"/>
</kw>
<kw name="Close Browser" library="SeleniumLibrary" type="TEARDOWN">
<doc>Closes the current browser.</doc>
<status status="PASS" starttime="20210409 14:14:32.954" endtime="20210409 14:14:35.074"/>
</kw>
<status status="PASS" starttime="20210409 14:14:26.272" endtime="20210409 14:14:35.075"/>
</test>
<test id="s1-t8" name="Check whether user is not able to submit form with invalid phone number">
<kw name="Start browser and maximaze" library="keywords" type="SETUP">
<arg>https://demoqa.com/automation-practice-form</arg>
<kw name="Open Browser" library="SeleniumLibrary">
<arg>${url}</arg>
<arg>chrome</arg>
<doc>Opens a new browser instance to the optional ``url``.</doc>
<msg timestamp="20210409 14:14:35.079" level="INFO">Opening browser 'chrome' to base url 'https://demoqa.com/automation-practice-form'.</msg>
<status status="PASS" starttime="20210409 14:14:35.079" endtime="20210409 14:14:38.087"/>
</kw>
<kw name="Maximize Browser Window" library="SeleniumLibrary">
<doc>Maximizes current browser window.</doc>
<status status="PASS" starttime="20210409 14:14:38.087" endtime="20210409 14:14:38.225"/>
</kw>
<kw name="Title Should Be" library="SeleniumLibrary">
<arg>ToolsQA</arg>
<doc>Verifies that the current page title equals ``title``.</doc>
<msg timestamp="20210409 14:14:38.237" level="INFO">Page title is 'ToolsQA'.</msg>
<status status="PASS" starttime="20210409 14:14:38.225" endtime="20210409 14:14:38.237"/>
</kw>
<status status="PASS" starttime="20210409 14:14:35.079" endtime="20210409 14:14:38.238"/>
</kw>
<kw name="Input Text" library="SeleniumLibrary">
<arg>id:firstName</arg>
<arg>${id:firstName}</arg>
<doc>Types the given ``text`` into the text field identified by ``locator``.</doc>
<msg timestamp="20210409 14:14:38.240" level="INFO">Typing text 'Mariana' into text field 'id:firstName'.</msg>
<status status="PASS" starttime="20210409 14:14:38.239" endtime="20210409 14:14:38.449"/>
</kw>
<kw name="Input Text" library="SeleniumLibrary">
<arg>id:lastName</arg>
<arg>${id:lastName}</arg>
<doc>Types the given ``text`` into the text field identified by ``locator``.</doc>
<msg timestamp="20210409 14:14:38.452" level="INFO">Typing text 'Zenzen' into text field 'id:lastName'.</msg>
<status status="PASS" starttime="20210409 14:14:38.451" endtime="20210409 14:14:38.533"/>
</kw>
<kw name="Input Text" library="SeleniumLibrary">
<arg>id:userEmail</arg>
<arg>${id:userEmail}</arg>
<doc>Types the given ``text`` into the text field identified by ``locator``.</doc>
<msg timestamp="20210409 14:14:38.534" level="INFO">Typing text 'neuzelivsamom@gmail.com' into text field 'id:userEmail'.</msg>
<status status="PASS" starttime="20210409 14:14:38.534" endtime="20210409 14:14:38.642"/>
</kw>
<kw name="Click Element" library="SeleniumLibrary">
<arg>//label[text()='Male']</arg>
<doc>Click the element identified by ``locator``.</doc>
<msg timestamp="20210409 14:14:38.643" level="INFO">Clicking element '//label[text()='Male']'.</msg>
<status status="PASS" starttime="20210409 14:14:38.642" endtime="20210409 14:14:38.696"/>
</kw>
<kw name="Input Text" library="SeleniumLibrary">
<arg>id:userNumber</arg>
<arg>${invalid_phone_number}</arg>
<doc>Types the given ``text`` into the text field identified by ``locator``.</doc>
<msg timestamp="20210409 14:14:38.697" level="INFO">Typing text 'asd5asd' into text field 'id:userNumber'.</msg>
<status status="PASS" starttime="20210409 14:14:38.696" endtime="20210409 14:14:38.792"/>
</kw>
<kw name="Click Element" library="SeleniumLibrary">
<arg>id:submit</arg>
<doc>Click the element identified by ``locator``.</doc>
<msg timestamp="20210409 14:14:38.792" level="INFO">Clicking element 'id:submit'.</msg>
<status status="PASS" starttime="20210409 14:14:38.792" endtime="20210409 14:14:38.855"/>
</kw>
<kw name="Element Should Not Be Visible" library="SeleniumLibrary">
<arg>//div[@class='modal-content']</arg>
<doc>Verifies that the element identified by ``locator`` is NOT visible.</doc>
<msg timestamp="20210409 14:14:38.867" level="INFO">Element '//div[@class='modal-content']' did not exist.</msg>
<status status="PASS" starttime="20210409 14:14:38.856" endtime="20210409 14:14:38.867"/>
</kw>
<kw name="Wait Until Page Contains Element" library="SeleniumLibrary">
<arg>//form[@class='was-validated']</arg>
<doc>Waits until the element ``locator`` appears on the current page.</doc>
<status status="PASS" starttime="20210409 14:14:38.868" endtime="20210409 14:14:38.878"/>
</kw>
<kw name="Sleep" library="BuiltIn">
<arg>1s</arg>
<doc>Pauses the test executed for the given time.</doc>
<msg timestamp="20210409 14:14:39.889" level="INFO">Slept 1 second</msg>
<status status="PASS" starttime="20210409 14:14:38.878" endtime="20210409 14:14:39.890"/>
</kw>
<kw name="Get CSS Property Value" library="keywords">
<var>${phone_number}</var>
<arg>id:userNumber</arg>
<arg>border-color</arg>
<doc>Get the CSS property value of an Element.</doc>
<kw name="Get WebElement" library="SeleniumLibrary">
<var>${css}</var>
<arg>${locator}</arg>
<doc>Returns the first WebElement matching the given ``locator``.</doc>
<msg timestamp="20210409 14:14:39.907" level="INFO">${css} = &lt;selenium.webdriver.remote.webelement.WebElement (session="2d15b39a8aa41ae9773a748a418b314e", element="1b2f48a2-1554-48ff-8422-4701c91dd5cc")&gt;</msg>
<status status="PASS" starttime="20210409 14:14:39.893" endtime="20210409 14:14:39.908"/>
</kw>
<kw name="Call Method" library="BuiltIn">
<var>${prop_val}</var>
<arg>${css}</arg>
<arg>value_of_css_property</arg>
<arg>${attribute name}</arg>
<doc>Calls the named method of the given object with the provided arguments.</doc>
<msg timestamp="20210409 14:14:39.920" level="INFO">${prop_val} = rgb(220, 53, 69)</msg>
<status status="PASS" starttime="20210409 14:14:39.908" endtime="20210409 14:14:39.920"/>
</kw>
<msg timestamp="20210409 14:14:39.920" level="INFO">${phone_number} = rgb(220, 53, 69)</msg>
<status status="PASS" starttime="20210409 14:14:39.891" endtime="20210409 14:14:39.920"/>
</kw>
<kw name="Should Be Equal As Strings" library="BuiltIn">
<arg>${phone_number}</arg>
<arg>${rgb_red}</arg>
<doc>Fails if objects are unequal after converting them to strings.</doc>
<status status="PASS" starttime="20210409 14:14:39.921" endtime="20210409 14:14:39.921"/>
</kw>
<kw name="Close Browser" library="SeleniumLibrary" type="TEARDOWN">
<doc>Closes the current browser.</doc>
<status status="PASS" starttime="20210409 14:14:39.922" endtime="20210409 14:14:42.090"/>
</kw>
<status status="PASS" starttime="20210409 14:14:35.078" endtime="20210409 14:14:42.091"/>
</test>
<test id="s1-t9" name="Check whether user is not able to submit form with empty phone number field">
<kw name="Start browser and maximaze" library="keywords" type="SETUP">
<arg>https://demoqa.com/automation-practice-form</arg>
<kw name="Open Browser" library="SeleniumLibrary">
<arg>${url}</arg>
<arg>chrome</arg>
<doc>Opens a new browser instance to the optional ``url``.</doc>
<msg timestamp="20210409 14:14:42.097" level="INFO">Opening browser 'chrome' to base url 'https://demoqa.com/automation-practice-form'.</msg>
<status status="PASS" starttime="20210409 14:14:42.096" endtime="20210409 14:14:47.042"/>
</kw>
<kw name="Maximize Browser Window" library="SeleniumLibrary">
<doc>Maximizes current browser window.</doc>
<status status="PASS" starttime="20210409 14:14:47.042" endtime="20210409 14:14:47.177"/>
</kw>
<kw name="Title Should Be" library="SeleniumLibrary">
<arg>ToolsQA</arg>
<doc>Verifies that the current page title equals ``title``.</doc>
<msg timestamp="20210409 14:14:47.181" level="INFO">Page title is 'ToolsQA'.</msg>
<status status="PASS" starttime="20210409 14:14:47.177" endtime="20210409 14:14:47.181"/>
</kw>
<status status="PASS" starttime="20210409 14:14:42.096" endtime="20210409 14:14:47.181"/>
</kw>
<kw name="Input Text" library="SeleniumLibrary">
<arg>id:firstName</arg>
<arg>${id:firstName}</arg>
<doc>Types the given ``text`` into the text field identified by ``locator``.</doc>
<msg timestamp="20210409 14:14:47.184" level="INFO">Typing text 'Mariana' into text field 'id:firstName'.</msg>
<status status="PASS" starttime="20210409 14:14:47.183" endtime="20210409 14:14:47.279"/>
</kw>
<kw name="Input Text" library="SeleniumLibrary">
<arg>id:lastName</arg>
<arg>${id:lastName}</arg>
<doc>Types the given ``text`` into the text field identified by ``locator``.</doc>
<msg timestamp="20210409 14:14:47.280" level="INFO">Typing text 'Zenzen' into text field 'id:lastName'.</msg>
<status status="PASS" starttime="20210409 14:14:47.280" endtime="20210409 14:14:47.373"/>
</kw>
<kw name="Input Text" library="SeleniumLibrary">
<arg>id:userEmail</arg>
<arg>${id:userEmail}</arg>
<doc>Types the given ``text`` into the text field identified by ``locator``.</doc>
<msg timestamp="20210409 14:14:47.375" level="INFO">Typing text 'neuzelivsamom@gmail.com' into text field 'id:userEmail'.</msg>
<status status="PASS" starttime="20210409 14:14:47.374" endtime="20210409 14:14:47.477"/>
</kw>
<kw name="Click Element" library="SeleniumLibrary">
<arg>//label[text()='Male']</arg>
<doc>Click the element identified by ``locator``.</doc>
<msg timestamp="20210409 14:14:47.478" level="INFO">Clicking element '//label[text()='Male']'.</msg>
<status status="PASS" starttime="20210409 14:14:47.478" endtime="20210409 14:14:47.530"/>
</kw>
<kw name="Input Text" library="SeleniumLibrary">
<arg>id:userNumber</arg>
<arg>${EMPTY}</arg>
<doc>Types the given ``text`` into the text field identified by ``locator``.</doc>
<msg timestamp="20210409 14:14:47.531" level="INFO">Typing text '' into text field 'id:userNumber'.</msg>
<status status="PASS" starttime="20210409 14:14:47.530" endtime="20210409 14:14:47.605"/>
</kw>
<kw name="Click Element" library="SeleniumLibrary">
<arg>id:submit</arg>
<doc>Click the element identified by ``locator``.</doc>
<msg timestamp="20210409 14:14:47.606" level="INFO">Clicking element 'id:submit'.</msg>
<status status="PASS" starttime="20210409 14:14:47.606" endtime="20210409 14:14:47.674"/>
</kw>
<kw name="Element Should Not Be Visible" library="SeleniumLibrary">
<arg>//div[@class='modal-content']</arg>
<doc>Verifies that the element identified by ``locator`` is NOT visible.</doc>
<msg timestamp="20210409 14:14:47.687" level="INFO">Element '//div[@class='modal-content']' did not exist.</msg>
<status status="PASS" starttime="20210409 14:14:47.675" endtime="20210409 14:14:47.687"/>
</kw>
<kw name="Wait Until Page Contains Element" library="SeleniumLibrary">
<arg>//form[@class='was-validated']</arg>
<doc>Waits until the element ``locator`` appears on the current page.</doc>
<status status="PASS" starttime="20210409 14:14:47.687" endtime="20210409 14:14:47.697"/>
</kw>
<kw name="Sleep" library="BuiltIn">
<arg>1s</arg>
<doc>Pauses the test executed for the given time.</doc>
<msg timestamp="20210409 14:14:48.711" level="INFO">Slept 1 second</msg>
<status status="PASS" starttime="20210409 14:14:47.697" endtime="20210409 14:14:48.711"/>
</kw>
<kw name="Get CSS Property Value" library="keywords">
<var>${phone_number}</var>
<arg>id:userNumber</arg>
<arg>border-color</arg>
<doc>Get the CSS property value of an Element.</doc>
<kw name="Get WebElement" library="SeleniumLibrary">
<var>${css}</var>
<arg>${locator}</arg>
<doc>Returns the first WebElement matching the given ``locator``.</doc>
<msg timestamp="20210409 14:14:48.721" level="INFO">${css} = &lt;selenium.webdriver.remote.webelement.WebElement (session="3799b2a7198ec27fd687ce57fa4107e6", element="d473f7cb-b18d-470d-bb4c-049158409eb5")&gt;</msg>
<status status="PASS" starttime="20210409 14:14:48.712" endtime="20210409 14:14:48.721"/>
</kw>
<kw name="Call Method" library="BuiltIn">
<var>${prop_val}</var>
<arg>${css}</arg>
<arg>value_of_css_property</arg>
<arg>${attribute name}</arg>
<doc>Calls the named method of the given object with the provided arguments.</doc>
<msg timestamp="20210409 14:14:48.732" level="INFO">${prop_val} = rgb(220, 53, 69)</msg>
<status status="PASS" starttime="20210409 14:14:48.721" endtime="20210409 14:14:48.732"/>
</kw>
<msg timestamp="20210409 14:14:48.733" level="INFO">${phone_number} = rgb(220, 53, 69)</msg>
<status status="PASS" starttime="20210409 14:14:48.712" endtime="20210409 14:14:48.733"/>
</kw>
<kw name="Should Be Equal As Strings" library="BuiltIn">
<arg>${phone_number}</arg>
<arg>${rgb_red}</arg>
<doc>Fails if objects are unequal after converting them to strings.</doc>
<status status="PASS" starttime="20210409 14:14:48.734" endtime="20210409 14:14:48.734"/>
</kw>
<kw name="Close Browser" library="SeleniumLibrary" type="TEARDOWN">
<doc>Closes the current browser.</doc>
<status status="PASS" starttime="20210409 14:14:48.735" endtime="20210409 14:14:50.897"/>
</kw>
<status status="PASS" starttime="20210409 14:14:42.095" endtime="20210409 14:14:50.900"/>
</test>
<test id="s1-t10" name="Check whether user is not able to submit form with invalid email">
<kw name="Start browser and maximaze" library="keywords" type="SETUP">
<arg>https://demoqa.com/automation-practice-form</arg>
<kw name="Open Browser" library="SeleniumLibrary">
<arg>${url}</arg>
<arg>chrome</arg>
<doc>Opens a new browser instance to the optional ``url``.</doc>
<msg timestamp="20210409 14:14:50.910" level="INFO">Opening browser 'chrome' to base url 'https://demoqa.com/automation-practice-form'.</msg>
<status status="PASS" starttime="20210409 14:14:50.909" endtime="20210409 14:14:54.034"/>
</kw>
<kw name="Maximize Browser Window" library="SeleniumLibrary">
<doc>Maximizes current browser window.</doc>
<status status="PASS" starttime="20210409 14:14:54.034" endtime="20210409 14:14:54.167"/>
</kw>
<kw name="Title Should Be" library="SeleniumLibrary">
<arg>ToolsQA</arg>
<doc>Verifies that the current page title equals ``title``.</doc>
<msg timestamp="20210409 14:14:54.171" level="INFO">Page title is 'ToolsQA'.</msg>
<status status="PASS" starttime="20210409 14:14:54.168" endtime="20210409 14:14:54.171"/>
</kw>
<status status="PASS" starttime="20210409 14:14:50.908" endtime="20210409 14:14:54.172"/>
</kw>
<kw name="Input Text" library="SeleniumLibrary">
<arg>id:firstName</arg>
<arg>${id:firstName}</arg>
<doc>Types the given ``text`` into the text field identified by ``locator``.</doc>
<msg timestamp="20210409 14:14:54.172" level="INFO">Typing text 'Mariana' into text field 'id:firstName'.</msg>
<status status="PASS" starttime="20210409 14:14:54.172" endtime="20210409 14:14:54.273"/>
</kw>
<kw name="Input Text" library="SeleniumLibrary">
<arg>id:lastName</arg>
<arg>${id:lastName}</arg>
<doc>Types the given ``text`` into the text field identified by ``locator``.</doc>
<msg timestamp="20210409 14:14:54.274" level="INFO">Typing text 'Zenzen' into text field 'id:lastName'.</msg>
<status status="PASS" starttime="20210409 14:14:54.273" endtime="20210409 14:14:54.372"/>
</kw>
<kw name="Input Text" library="SeleniumLibrary">
<arg>id:userEmail</arg>
<arg>${invalid_email}</arg>
<doc>Types the given ``text`` into the text field identified by ``locator``.</doc>
<msg timestamp="20210409 14:14:54.373" level="INFO">Typing text 'testingdemoqa@.com' into text field 'id:userEmail'.</msg>
<status status="PASS" starttime="20210409 14:14:54.373" endtime="20210409 14:14:54.488"/>
</kw>
<kw name="Click Element" library="SeleniumLibrary">
<arg>//label[text()='Male']</arg>
<doc>Click the element identified by ``locator``.</doc>
<msg timestamp="20210409 14:14:54.490" level="INFO">Clicking element '//label[text()='Male']'.</msg>
<status status="PASS" starttime="20210409 14:14:54.489" endtime="20210409 14:14:54.546"/>
</kw>
<kw name="Input Text" library="SeleniumLibrary">
<arg>id:userNumber</arg>
<arg>${valid_phone_number}</arg>
<doc>Types the given ``text`` into the text field identified by ``locator``.</doc>
<msg timestamp="20210409 14:14:54.547" level="INFO">Typing text '0964654654' into text field 'id:userNumber'.</msg>
<status status="PASS" starttime="20210409 14:14:54.546" endtime="20210409 14:14:54.644"/>
</kw>
<kw name="Click Element" library="SeleniumLibrary">
<arg>id:submit</arg>
<doc>Click the element identified by ``locator``.</doc>
<msg timestamp="20210409 14:14:54.644" level="INFO">Clicking element 'id:submit'.</msg>
<status status="PASS" starttime="20210409 14:14:54.644" endtime="20210409 14:14:54.712"/>
</kw>
<kw name="Element Should Not Be Visible" library="SeleniumLibrary">
<arg>//div[@class='modal-content']</arg>
<doc>Verifies that the element identified by ``locator`` is NOT visible.</doc>
<msg timestamp="20210409 14:14:54.725" level="INFO">Element '//div[@class='modal-content']' did not exist.</msg>
<status status="PASS" starttime="20210409 14:14:54.713" endtime="20210409 14:14:54.725"/>
</kw>
<kw name="Wait Until Page Contains Element" library="SeleniumLibrary">
<arg>//form[@class='was-validated']</arg>
<doc>Waits until the element ``locator`` appears on the current page.</doc>
<status status="PASS" starttime="20210409 14:14:54.726" endtime="20210409 14:14:54.738"/>
</kw>
<kw name="Sleep" library="BuiltIn">
<arg>1s</arg>
<doc>Pauses the test executed for the given time.</doc>
<msg timestamp="20210409 14:14:55.739" level="INFO">Slept 1 second</msg>
<status status="PASS" starttime="20210409 14:14:54.738" endtime="20210409 14:14:55.739"/>
</kw>
<kw name="Get CSS Property Value" library="keywords">
<var>${email_color}</var>
<arg>id:userEmail</arg>
<arg>border-color</arg>
<doc>Get the CSS property value of an Element.</doc>
<kw name="Get WebElement" library="SeleniumLibrary">
<var>${css}</var>
<arg>${locator}</arg>
<doc>Returns the first WebElement matching the given ``locator``.</doc>
<msg timestamp="20210409 14:14:55.748" level="INFO">${css} = &lt;selenium.webdriver.remote.webelement.WebElement (session="0740c133175c2b8394df18d179320cea", element="5c74eaa8-926a-4266-b8d2-2e97eb61751e")&gt;</msg>
<status status="PASS" starttime="20210409 14:14:55.740" endtime="20210409 14:14:55.748"/>
</kw>
<kw name="Call Method" library="BuiltIn">
<var>${prop_val}</var>
<arg>${css}</arg>
<arg>value_of_css_property</arg>
<arg>${attribute name}</arg>
<doc>Calls the named method of the given object with the provided arguments.</doc>
<msg timestamp="20210409 14:14:55.757" level="INFO">${prop_val} = rgb(220, 53, 69)</msg>
<status status="PASS" starttime="20210409 14:14:55.748" endtime="20210409 14:14:55.758"/>
</kw>
<msg timestamp="20210409 14:14:55.758" level="INFO">${email_color} = rgb(220, 53, 69)</msg>
<status status="PASS" starttime="20210409 14:14:55.740" endtime="20210409 14:14:55.758"/>
</kw>
<kw name="Should Be Equal As Strings" library="BuiltIn">
<arg>${email_color}</arg>
<arg>${rgb_red}</arg>
<doc>Fails if objects are unequal after converting them to strings.</doc>
<status status="PASS" starttime="20210409 14:14:55.758" endtime="20210409 14:14:55.759"/>
</kw>
<kw name="Close Browser" library="SeleniumLibrary" type="TEARDOWN">
<doc>Closes the current browser.</doc>
<status status="PASS" starttime="20210409 14:14:55.759" endtime="20210409 14:14:57.909"/>
</kw>
<status status="PASS" starttime="20210409 14:14:50.907" endtime="20210409 14:14:57.909"/>
</test>
<test id="s1-t11" name="Check whether the date of birth picker displays the date that user selects">
<kw name="Start browser and maximaze" library="keywords" type="SETUP">
<arg>https://demoqa.com/automation-practice-form</arg>
<kw name="Open Browser" library="SeleniumLibrary">
<arg>${url}</arg>
<arg>chrome</arg>
<doc>Opens a new browser instance to the optional ``url``.</doc>
<msg timestamp="20210409 14:14:57.913" level="INFO">Opening browser 'chrome' to base url 'https://demoqa.com/automation-practice-form'.</msg>
<status status="PASS" starttime="20210409 14:14:57.913" endtime="20210409 14:15:00.875"/>
</kw>
<kw name="Maximize Browser Window" library="SeleniumLibrary">
<doc>Maximizes current browser window.</doc>
<status status="PASS" starttime="20210409 14:15:00.875" endtime="20210409 14:15:01.009"/>
</kw>
<kw name="Title Should Be" library="SeleniumLibrary">
<arg>ToolsQA</arg>
<doc>Verifies that the current page title equals ``title``.</doc>
<msg timestamp="20210409 14:15:01.013" level="INFO">Page title is 'ToolsQA'.</msg>
<status status="PASS" starttime="20210409 14:15:01.009" endtime="20210409 14:15:01.013"/>
</kw>
<status status="PASS" starttime="20210409 14:14:57.912" endtime="20210409 14:15:01.014"/>
</kw>
<kw name="Click Element" library="SeleniumLibrary">
<arg>id:dateOfBirthInput</arg>
<doc>Click the element identified by ``locator``.</doc>
<msg timestamp="20210409 14:15:01.017" level="INFO">Clicking element 'id:dateOfBirthInput'.</msg>
<status status="PASS" starttime="20210409 14:15:01.016" endtime="20210409 14:15:01.188"/>
</kw>
<kw name="Calendar navigate" library="keywords">
<arg>previous</arg>
<kw name="Wait Until Element Is Visible" library="SeleniumLibrary">
<arg>xpath://button[@class="react-datepicker__navigation react-datepicker__navigation--${previous}"]</arg>
<doc>Waits until the element ``locator`` is visible.</doc>
<status status="PASS" starttime="20210409 14:15:01.190" endtime="20210409 14:15:01.218"/>
</kw>
<kw name="Click Element" library="SeleniumLibrary">
<arg>xpath://button[@class="react-datepicker__navigation react-datepicker__navigation--${previous}"]</arg>
<doc>Click the element identified by ``locator``.</doc>
<msg timestamp="20210409 14:15:01.218" level="INFO">Clicking element 'xpath://button[@class="react-datepicker__navigation react-datepicker__navigation--previous"]'.</msg>
<status status="PASS" starttime="20210409 14:15:01.218" endtime="20210409 14:15:01.293"/>
</kw>
<status status="PASS" starttime="20210409 14:15:01.189" endtime="20210409 14:15:01.293"/>
</kw>
<kw name="Calendar navigate" library="keywords">
<arg>next</arg>
<kw name="Wait Until Element Is Visible" library="SeleniumLibrary">
<arg>xpath://button[@class="react-datepicker__navigation react-datepicker__navigation--${previous}"]</arg>
<doc>Waits until the element ``locator`` is visible.</doc>
<status status="PASS" starttime="20210409 14:15:01.294" endtime="20210409 14:15:01.318"/>
</kw>
<kw name="Click Element" library="SeleniumLibrary">
<arg>xpath://button[@class="react-datepicker__navigation react-datepicker__navigation--${previous}"]</arg>
<doc>Click the element identified by ``locator``.</doc>
<msg timestamp="20210409 14:15:01.319" level="INFO">Clicking element 'xpath://button[@class="react-datepicker__navigation react-datepicker__navigation--next"]'.</msg>
<status status="PASS" starttime="20210409 14:15:01.319" endtime="20210409 14:15:01.372"/>
</kw>
<status status="PASS" starttime="20210409 14:15:01.293" endtime="20210409 14:15:01.372"/>
</kw>
<kw name="Select month" library="keywords">
<arg>July</arg>
<kw name="Select From List By Label" library="SeleniumLibrary">
<arg>class:react-datepicker__month-select</arg>
<arg>${month}</arg>
<doc>Selects options from selection list ``locator`` by ``labels``.</doc>
<msg timestamp="20210409 14:15:01.373" level="INFO">Selecting options from selection list 'class:react-datepicker__month-select' by label July.</msg>
<status status="PASS" starttime="20210409 14:15:01.373" endtime="20210409 14:15:01.452"/>
</kw>
<status status="PASS" starttime="20210409 14:15:01.373" endtime="20210409 14:15:01.452"/>
</kw>
<kw name="Select year" library="keywords">
<arg>1993</arg>
<kw name="Select From List By Label" library="SeleniumLibrary">
<arg>class:react-datepicker__year-select</arg>
<arg>${year}</arg>
<doc>Selects options from selection list ``locator`` by ``labels``.</doc>
<msg timestamp="20210409 14:15:01.454" level="INFO">Selecting options from selection list 'class:react-datepicker__year-select' by label 1993.</msg>
<status status="PASS" starttime="20210409 14:15:01.453" endtime="20210409 14:15:01.536"/>
</kw>
<status status="PASS" starttime="20210409 14:15:01.453" endtime="20210409 14:15:01.537"/>
</kw>
<kw name="Select day" library="keywords">
<arg>21st</arg>
<arg>July</arg>
<arg>1993</arg>
<kw name="Click Element" library="SeleniumLibrary">
<arg>xpath://div[@aria-label="Choose Wednesday, ${month} ${day}, ${year}"]</arg>
<doc>Click the element identified by ``locator``.</doc>
<msg timestamp="20210409 14:15:01.538" level="INFO">Clicking element 'xpath://div[@aria-label="Choose Wednesday, July 21st, 1993"]'.</msg>
<status status="PASS" starttime="20210409 14:15:01.537" endtime="20210409 14:15:01.600"/>
</kw>
<status status="PASS" starttime="20210409 14:15:01.537" endtime="20210409 14:15:01.601"/>
</kw>
<kw name="Get Element Attribute" library="SeleniumLibrary">
<var>${value}</var>
<arg>id:dateOfBirthInput</arg>
<arg>value</arg>
<doc>Returns the value of ``attribute`` from the element ``locator``.</doc>
<msg timestamp="20210409 14:15:01.612" level="INFO">${value} = 21 Jul 1993</msg>
<status status="PASS" starttime="20210409 14:15:01.601" endtime="20210409 14:15:01.612"/>
</kw>
<kw name="Should Be Equal As Strings" library="BuiltIn">
<arg>${value}</arg>
<arg>21 Jul 1993</arg>
<doc>Fails if objects are unequal after converting them to strings.</doc>
<status status="PASS" starttime="20210409 14:15:01.613" endtime="20210409 14:15:01.614"/>
</kw>
<kw name="Close Browser" library="SeleniumLibrary" type="TEARDOWN">
<doc>Closes the current browser.</doc>
<status status="PASS" starttime="20210409 14:15:01.615" endtime="20210409 14:15:03.769"/>
</kw>
<status status="PASS" starttime="20210409 14:14:57.911" endtime="20210409 14:15:03.771"/>
</test>
<status status="FAIL" starttime="20210409 14:13:36.076" endtime="20210409 14:15:03.777"/>
</suite>
<statistics>
<total>
<stat pass="9" fail="2" skip="0">All Tests</stat>
</total>
<tag>
</tag>
<suite>
<stat pass="9" fail="2" skip="0" id="s1" name="TS10 practice form">TS10 practice form</stat>
</suite>
</statistics>
<errors>
<msg timestamp="20210409 14:14:42.095" level="WARN">Multiple test cases with name 'Check whether user is not able to submit form with empty phone number field' executed in test suite 'TS10 practice form'.</msg>
</errors>
</robot>
