<?xml version="1.0" encoding="UTF-8"?>
<robot generator="Robot 4.0 (Python 3.9.2 on win32)" generated="20210405 13:38:45.180" rpa="false" schemaversion="2">
<suite id="s1" name="TS1 text box" source="C:\Users\maksy\PycharmProjects\TestProject_1\TestCases\TS1_text_box.robot">
<test id="s1-t1" name="Text Box testing with valid data">
<kw name="Given User is on Text Box page" library="keywords">
<kw name="Open Browser" library="SeleniumLibrary">
<arg>${base_url}</arg>
<arg>${browser}</arg>
<doc>Opens a new browser instance to the optional ``url``.</doc>
<msg timestamp="20210405 13:38:45.567" level="INFO">Opening browser 'chrome' to base url 'https://demoqa.com/'.</msg>
<status status="PASS" starttime="20210405 13:38:45.566" endtime="20210405 13:38:49.825"/>
</kw>
<kw name="Click Element" library="SeleniumLibrary">
<arg>${elements}</arg>
<doc>Click the element identified by ``locator``.</doc>
<msg timestamp="20210405 13:38:49.825" level="INFO">Clicking element 'xpath:(//div[@class='avatar mx-auto white'])[1]/*[name()='svg']'.</msg>
<status status="PASS" starttime="20210405 13:38:49.825" endtime="20210405 13:38:49.926"/>
</kw>
<kw name="Click Element" library="SeleniumLibrary">
<arg>${text_box}</arg>
<doc>Click the element identified by ``locator``.</doc>
<msg timestamp="20210405 13:38:49.926" level="INFO">Clicking element 'xpath://div[@class='element-list collapse show']/ul/li[@id='item-0']/*[name()='svg']'.</msg>
<status status="PASS" starttime="20210405 13:38:49.926" endtime="20210405 13:38:50.048"/>
</kw>
<status status="PASS" starttime="20210405 13:38:45.566" endtime="20210405 13:38:50.048"/>
</kw>
<kw name="When User Input valid username" library="keywords">
<kw name="Input Text" library="SeleniumLibrary">
<arg>id:userName</arg>
<arg>${valid_username}</arg>
<doc>Types the given ``text`` into the text field identified by ``locator``.</doc>
<msg timestamp="20210405 13:38:50.049" level="INFO">Typing text 'MAX' into text field 'id:userName'.</msg>
<status status="PASS" starttime="20210405 13:38:50.049" endtime="20210405 13:38:50.151"/>
</kw>
<status status="PASS" starttime="20210405 13:38:50.049" endtime="20210405 13:38:50.152"/>
</kw>
<kw name="And Input valid email" library="keywords">
<kw name="Input Text" library="SeleniumLibrary">
<arg>id:userEmail</arg>
<arg>${valid_email}</arg>
<doc>Types the given ``text`` into the text field identified by ``locator``.</doc>
<msg timestamp="20210405 13:38:50.152" level="INFO">Typing text 'testingdemoqa@gmail.com' into text field 'id:userEmail'.</msg>
<status status="PASS" starttime="20210405 13:38:50.152" endtime="20210405 13:38:50.298"/>
</kw>
<status status="PASS" starttime="20210405 13:38:50.152" endtime="20210405 13:38:50.298"/>
</kw>
<kw name="And Input valid current address" library="keywords">
<kw name="Input Text" library="SeleniumLibrary">
<arg>id:currentAddress</arg>
<arg>${valid_cur_address}</arg>
<doc>Types the given ``text`` into the text field identified by ``locator``.</doc>
<msg timestamp="20210405 13:38:50.299" level="INFO">Typing text 'In the middle of nowhere' into text field 'id:currentAddress'.</msg>
<status status="PASS" starttime="20210405 13:38:50.298" endtime="20210405 13:38:50.414"/>
</kw>
<status status="PASS" starttime="20210405 13:38:50.298" endtime="20210405 13:38:50.414"/>
</kw>
<kw name="And Input valid permanent address" library="keywords">
<kw name="Input Text" library="SeleniumLibrary">
<arg>id:permanentAddress</arg>
<arg>${valid_per_address}</arg>
<doc>Types the given ``text`` into the text field identified by ``locator``.</doc>
<msg timestamp="20210405 13:38:50.415" level="INFO">Typing text 'Somewhere in Mordor' into text field 'id:permanentAddress'.</msg>
<status status="PASS" starttime="20210405 13:38:50.414" endtime="20210405 13:38:50.506"/>
</kw>
<status status="PASS" starttime="20210405 13:38:50.414" endtime="20210405 13:38:50.506"/>
</kw>
<kw name="And Submit data in Text Box" library="keywords">
<kw name="Click Element" library="SeleniumLibrary">
<arg>id:submit</arg>
<doc>Click the element identified by ``locator``.</doc>
<msg timestamp="20210405 13:38:50.507" level="INFO">Clicking element 'id:submit'.</msg>
<status status="PASS" starttime="20210405 13:38:50.506" endtime="20210405 13:38:50.562"/>
</kw>
<status status="PASS" starttime="20210405 13:38:50.506" endtime="20210405 13:38:50.562"/>
</kw>
<kw name="Then Inputted data corresponds to the data in the response" library="keywords">
<kw name="Element Should Contain" library="SeleniumLibrary">
<arg>xpath://div[@class="border col-md-12 col-sm-12"]/p[@id="name"]</arg>
<arg>${valid_username}</arg>
<doc>Verifies that element ``locator`` contains text ``expected``.</doc>
<msg timestamp="20210405 13:38:50.592" level="INFO">Element 'xpath://div[@class="border col-md-12 col-sm-12"]/p[@id="name"]' contains text 'MAX'.</msg>
<status status="PASS" starttime="20210405 13:38:50.562" endtime="20210405 13:38:50.592"/>
</kw>
<kw name="Element Should Contain" library="SeleniumLibrary">
<arg>xpath://div[@class="border col-md-12 col-sm-12"]/p[@id="email"]</arg>
<arg>${valid_email}</arg>
<doc>Verifies that element ``locator`` contains text ``expected``.</doc>
<msg timestamp="20210405 13:38:50.615" level="INFO">Element 'xpath://div[@class="border col-md-12 col-sm-12"]/p[@id="email"]' contains text 'testingdemoqa@gmail.com'.</msg>
<status status="PASS" starttime="20210405 13:38:50.593" endtime="20210405 13:38:50.616"/>
</kw>
<kw name="Element Should Contain" library="SeleniumLibrary">
<arg>xpath://div[@class="border col-md-12 col-sm-12"]/p[@id="currentAddress"]</arg>
<arg>${valid_cur_address}</arg>
<doc>Verifies that element ``locator`` contains text ``expected``.</doc>
<msg timestamp="20210405 13:38:50.637" level="INFO">Element 'xpath://div[@class="border col-md-12 col-sm-12"]/p[@id="currentAddress"]' contains text 'In the middle of nowhere'.</msg>
<status status="PASS" starttime="20210405 13:38:50.616" endtime="20210405 13:38:50.637"/>
</kw>
<kw name="Element Should Contain" library="SeleniumLibrary">
<arg>xpath://div[@class="border col-md-12 col-sm-12"]/p[@id="permanentAddress"]</arg>
<arg>${valid_per_address}</arg>
<doc>Verifies that element ``locator`` contains text ``expected``.</doc>
<msg timestamp="20210405 13:38:50.660" level="INFO">Element 'xpath://div[@class="border col-md-12 col-sm-12"]/p[@id="permanentAddress"]' contains text 'Somewhere in Mordor'.</msg>
<status status="PASS" starttime="20210405 13:38:50.637" endtime="20210405 13:38:50.660"/>
</kw>
<status status="PASS" starttime="20210405 13:38:50.562" endtime="20210405 13:38:50.661"/>
</kw>
<kw name="Close Browser" library="SeleniumLibrary">
<doc>Closes the current browser.</doc>
<status status="PASS" starttime="20210405 13:38:50.661" endtime="20210405 13:38:53.908"/>
</kw>
<status status="PASS" starttime="20210405 13:38:45.565" endtime="20210405 13:38:53.909"/>
</test>
<test id="s1-t2" name="Text_Box_testing_with_invalid_email">
<kw name="Given User is on Text Box page" library="keywords">
<kw name="Open Browser" library="SeleniumLibrary">
<arg>${base_url}</arg>
<arg>${browser}</arg>
<doc>Opens a new browser instance to the optional ``url``.</doc>
<msg timestamp="20210405 13:38:53.913" level="INFO">Opening browser 'chrome' to base url 'https://demoqa.com/'.</msg>
<status status="PASS" starttime="20210405 13:38:53.913" endtime="20210405 13:38:58.072"/>
</kw>
<kw name="Click Element" library="SeleniumLibrary">
<arg>${elements}</arg>
<doc>Click the element identified by ``locator``.</doc>
<msg timestamp="20210405 13:38:58.073" level="INFO">Clicking element 'xpath:(//div[@class='avatar mx-auto white'])[1]/*[name()='svg']'.</msg>
<status status="PASS" starttime="20210405 13:38:58.073" endtime="20210405 13:38:58.202"/>
</kw>
<kw name="Click Element" library="SeleniumLibrary">
<arg>${text_box}</arg>
<doc>Click the element identified by ``locator``.</doc>
<msg timestamp="20210405 13:38:58.202" level="INFO">Clicking element 'xpath://div[@class='element-list collapse show']/ul/li[@id='item-0']/*[name()='svg']'.</msg>
<status status="PASS" starttime="20210405 13:38:58.202" endtime="20210405 13:38:58.331"/>
</kw>
<status status="PASS" starttime="20210405 13:38:53.912" endtime="20210405 13:38:58.331"/>
</kw>
<kw name="When User Input valid username" library="keywords">
<kw name="Input Text" library="SeleniumLibrary">
<arg>id:userName</arg>
<arg>${valid_username}</arg>
<doc>Types the given ``text`` into the text field identified by ``locator``.</doc>
<msg timestamp="20210405 13:38:58.332" level="INFO">Typing text 'MAX' into text field 'id:userName'.</msg>
<status status="PASS" starttime="20210405 13:38:58.332" endtime="20210405 13:38:58.501"/>
</kw>
<status status="PASS" starttime="20210405 13:38:58.332" endtime="20210405 13:38:58.501"/>
</kw>
<kw name="And Input invalid email" library="keywords">
<kw name="Input Text" library="SeleniumLibrary">
<arg>id:userEmail</arg>
<arg>jadasd@as</arg>
<doc>Types the given ``text`` into the text field identified by ``locator``.</doc>
<msg timestamp="20210405 13:38:58.502" level="INFO">Typing text 'jadasd@as' into text field 'id:userEmail'.</msg>
<status status="PASS" starttime="20210405 13:38:58.501" endtime="20210405 13:38:58.678"/>
</kw>
<status status="PASS" starttime="20210405 13:38:58.501" endtime="20210405 13:38:58.678"/>
</kw>
<kw name="And Input valid current address" library="keywords">
<kw name="Input Text" library="SeleniumLibrary">
<arg>id:currentAddress</arg>
<arg>${valid_cur_address}</arg>
<doc>Types the given ``text`` into the text field identified by ``locator``.</doc>
<msg timestamp="20210405 13:38:58.679" level="INFO">Typing text 'In the middle of nowhere' into text field 'id:currentAddress'.</msg>
<status status="PASS" starttime="20210405 13:38:58.678" endtime="20210405 13:38:58.807"/>
</kw>
<status status="PASS" starttime="20210405 13:38:58.678" endtime="20210405 13:38:58.807"/>
</kw>
<kw name="And Input valid permanent address" library="keywords">
<kw name="Input Text" library="SeleniumLibrary">
<arg>id:permanentAddress</arg>
<arg>${valid_per_address}</arg>
<doc>Types the given ``text`` into the text field identified by ``locator``.</doc>
<msg timestamp="20210405 13:38:58.809" level="INFO">Typing text 'Somewhere in Mordor' into text field 'id:permanentAddress'.</msg>
<status status="PASS" starttime="20210405 13:38:58.808" endtime="20210405 13:38:58.919"/>
</kw>
<status status="PASS" starttime="20210405 13:38:58.807" endtime="20210405 13:38:58.919"/>
</kw>
<kw name="And Submit data in Text Box" library="keywords">
<kw name="Click Element" library="SeleniumLibrary">
<arg>id:submit</arg>
<doc>Click the element identified by ``locator``.</doc>
<msg timestamp="20210405 13:38:58.920" level="INFO">Clicking element 'id:submit'.</msg>
<status status="PASS" starttime="20210405 13:38:58.920" endtime="20210405 13:38:58.977"/>
</kw>
<status status="PASS" starttime="20210405 13:38:58.920" endtime="20210405 13:38:58.977"/>
</kw>
<kw name="Element Should Not Be Visible" library="SeleniumLibrary">
<arg>xpath://div[@class="border col-md-12 col-sm-12"]</arg>
<doc>Verifies that the element identified by ``locator`` is NOT visible.</doc>
<msg timestamp="20210405 13:38:58.990" level="INFO">Element 'xpath://div[@class="border col-md-12 col-sm-12"]' did not exist.</msg>
<status status="PASS" starttime="20210405 13:38:58.978" endtime="20210405 13:38:58.991"/>
</kw>
<kw name="Close Browser" library="SeleniumLibrary">
<doc>Closes the current browser.</doc>
<status status="PASS" starttime="20210405 13:38:58.991" endtime="20210405 13:39:01.450"/>
</kw>
<status status="PASS" starttime="20210405 13:38:53.910" endtime="20210405 13:39:01.451"/>
</test>
<test id="s1-t3" name="Text_Box_testing_with_empty_email_field">
<kw name="Open Browser" library="SeleniumLibrary">
<arg>${base_url}</arg>
<arg>${browser}</arg>
<doc>Opens a new browser instance to the optional ``url``.</doc>
<msg timestamp="20210405 13:39:01.453" level="INFO">Opening browser 'chrome' to base url 'https://demoqa.com/'.</msg>
<status status="PASS" starttime="20210405 13:39:01.452" endtime="20210405 13:39:05.462"/>
</kw>
<kw name="Click Element" library="SeleniumLibrary">
<arg>${elements}</arg>
<doc>Click the element identified by ``locator``.</doc>
<msg timestamp="20210405 13:39:05.463" level="INFO">Clicking element 'xpath:(//div[@class='avatar mx-auto white'])[1]/*[name()='svg']'.</msg>
<status status="PASS" starttime="20210405 13:39:05.462" endtime="20210405 13:39:05.565"/>
</kw>
<kw name="Click Element" library="SeleniumLibrary">
<arg>${text_box}</arg>
<doc>Click the element identified by ``locator``.</doc>
<msg timestamp="20210405 13:39:05.566" level="INFO">Clicking element 'xpath://div[@class='element-list collapse show']/ul/li[@id='item-0']/*[name()='svg']'.</msg>
<status status="PASS" starttime="20210405 13:39:05.565" endtime="20210405 13:39:05.676"/>
</kw>
<kw name="Input Text" library="SeleniumLibrary">
<arg>id:userName</arg>
<arg>${valid_username}</arg>
<doc>Types the given ``text`` into the text field identified by ``locator``.</doc>
<msg timestamp="20210405 13:39:05.676" level="INFO">Typing text 'MAX' into text field 'id:userName'.</msg>
<status status="PASS" starttime="20210405 13:39:05.676" endtime="20210405 13:39:05.791"/>
</kw>
<kw name="Input Text" library="SeleniumLibrary">
<arg>id:userEmail</arg>
<arg>${EMPTY}</arg>
<doc>Types the given ``text`` into the text field identified by ``locator``.</doc>
<msg timestamp="20210405 13:39:05.792" level="INFO">Typing text '' into text field 'id:userEmail'.</msg>
<status status="PASS" starttime="20210405 13:39:05.791" endtime="20210405 13:39:05.876"/>
</kw>
<kw name="Input Text" library="SeleniumLibrary">
<arg>id:currentAddress</arg>
<arg>${valid_cur_address}</arg>
<doc>Types the given ``text`` into the text field identified by ``locator``.</doc>
<msg timestamp="20210405 13:39:05.877" level="INFO">Typing text 'In the middle of nowhere' into text field 'id:currentAddress'.</msg>
<status status="PASS" starttime="20210405 13:39:05.876" endtime="20210405 13:39:05.980"/>
</kw>
<kw name="Input Text" library="SeleniumLibrary">
<arg>id:permanentAddress</arg>
<arg>${valid_per_address}</arg>
<doc>Types the given ``text`` into the text field identified by ``locator``.</doc>
<msg timestamp="20210405 13:39:05.980" level="INFO">Typing text 'Somewhere in Mordor' into text field 'id:permanentAddress'.</msg>
<status status="PASS" starttime="20210405 13:39:05.980" endtime="20210405 13:39:06.093"/>
</kw>
<kw name="Click Element" library="SeleniumLibrary">
<arg>id:submit</arg>
<doc>Click the element identified by ``locator``.</doc>
<msg timestamp="20210405 13:39:06.093" level="INFO">Clicking element 'id:submit'.</msg>
<status status="PASS" starttime="20210405 13:39:06.093" endtime="20210405 13:39:06.136"/>
</kw>
<kw name="Element Should Not Be Visible" library="SeleniumLibrary">
<arg>xpath://div[@class="border col-md-12 col-sm-12"]/p[@id="email"]</arg>
<doc>Verifies that the element identified by ``locator`` is NOT visible.</doc>
<msg timestamp="20210405 13:39:06.147" level="INFO">Element 'xpath://div[@class="border col-md-12 col-sm-12"]/p[@id="email"]' did not exist.</msg>
<status status="PASS" starttime="20210405 13:39:06.137" endtime="20210405 13:39:06.147"/>
</kw>
<kw name="Close Browser" library="SeleniumLibrary">
<doc>Closes the current browser.</doc>
<status status="PASS" starttime="20210405 13:39:06.147" endtime="20210405 13:39:08.357"/>
</kw>
<status status="PASS" starttime="20210405 13:39:01.451" endtime="20210405 13:39:08.357"/>
</test>
<test id="s1-t4" name="Text_Box_testing_with_empty_username_field">
<kw name="Open Browser" library="SeleniumLibrary">
<arg>${base_url}</arg>
<arg>${browser}</arg>
<doc>Opens a new browser instance to the optional ``url``.</doc>
<msg timestamp="20210405 13:39:08.359" level="INFO">Opening browser 'chrome' to base url 'https://demoqa.com/'.</msg>
<status status="PASS" starttime="20210405 13:39:08.358" endtime="20210405 13:39:12.094"/>
</kw>
<kw name="Click Element" library="SeleniumLibrary">
<arg>${elements}</arg>
<doc>Click the element identified by ``locator``.</doc>
<msg timestamp="20210405 13:39:12.095" level="INFO">Clicking element 'xpath:(//div[@class='avatar mx-auto white'])[1]/*[name()='svg']'.